03.03.2025	 06.05.38	f73ac7d4-2c10-4606-9103-202eb3dc3101	GET	/api/users/	undefined
03.03.2025	 06.18.33	7a8a4b1c-f8ad-4f66-b3d4-9fd7bc22404a	POST	/api/auth/login	undefined
03.03.2025	 06.19.56	f13ccb52-e7c4-45c8-a3ce-dfb8eb97ddbf	POST	/api/auth/login	undefined
03.03.2025	 06.20.06	04401daa-8ccd-4987-9022-d9f2b207c16f	POST	/api/auth/login	undefined
03.03.2025	 06.21.05	f8d95290-962e-45a2-9285-5795d00707a3	POST	/api/auth/login	undefined
03.03.2025	 06.21.42	b6ba6138-c5d4-4ed0-b5ea-af8acd4b7fab	POST	/api/auth/login	undefined
03.03.2025	 06.22.37	74160bfc-765a-47af-bdea-1c44b1a15901	POST	/api/auth/login	undefined
03.03.2025	 06.24.03	c43a4ad8-22a1-4485-94ab-4bd11462920d	POST	/api/auth/login	undefined
03.03.2025	 06.25.41	9910fb1e-1945-4070-9476-27678efadaf9	POST	/api/auth/login	undefined
03.03.2025	 06.27.38	e59e27a3-8e83-4f3b-af3f-766cb9f87c55	GET	/api/users/	undefined
03.03.2025	 06.28.22	e6ef6019-9caf-4fad-ac7b-8d2cd6ac3a8d	GET	/api/users/	undefined
03.03.2025	 06.59.11	fea08cb8-25e4-481d-b9a5-22bd0faea0fb	POST	/api/auth/login	undefined
03.03.2025	 07.00.55	0cf8be63-1c8b-4ef7-a373-83221a7f9a16	POST	/api/auth/login	undefined
03.03.2025	 07.02.48	890045e4-33da-4036-a61e-8af3231b87d2	POST	/api/auth/login	undefined
03.03.2025	 07.04.29	e97832d3-a701-4f22-955b-8cc5859c0f66	POST	/api/auth/login	undefined
03.03.2025	 07.06.48	d781bce1-aa9b-437f-85e3-121e9dcd407b	POST	/api/auth/login	undefined
03.03.2025	 07.07.21	dddef867-fd73-4397-966a-953fc3d425c0	GET	/api/users/	undefined
03.03.2025	 07.07.52	41479668-6646-4ece-8580-befeccdf1aa0	GET	/api/users/	undefined
03.03.2025	 07.15.22	6842e349-8ddd-4ec2-a7f3-e0f8b8ad6772	GET	/api/users/	undefined
03.03.2025	 07.20.22	f2e42a1a-7690-42a7-ab14-f08f35ce5f68	GET	/api/users/	undefined
03.03.2025	 07.20.28	b2ebcc79-6d09-4d2e-8aa2-3d671de64cbd	POST	/api/auth/login	undefined
03.03.2025	 07.20.45	bc7119d0-d7d5-4deb-a5c4-9d87329ecbf2	GET	/api/users/	undefined
03.03.2025	 07.26.26	85674add-afca-424d-a22c-977d4f43c02e	GET	/api/users/	undefined
03.03.2025	 07.26.33	12b6b5c3-cf9c-4d9e-b7f9-d0db6542fbd1	POST	/api/auth/login	undefined
03.03.2025	 07.26.58	a9a85e4a-2628-498e-a6f3-cb11392ad3ff	GET	/api/users/	undefined
03.03.2025	 07.27.43	1c6710d9-d712-4184-9122-60e2a7c584b3	GET	/api/users/	undefined
03.03.2025	 07.30.11	12e2e3d7-fce9-451a-b26f-1aa9fc959dae	POST	/api/auth/refresh-token	undefined
03.03.2025	 07.30.24	b9733bb8-58f7-4f57-b797-0022036d001c	POST	/api/auth/refresh-token	undefined
03.03.2025	 07.31.34	e2a5c833-f8b3-445a-ae3f-64891473d5f5	POST	/api/auth/refresh-token	undefined
03.03.2025	 07.41.22	c6b3c291-8692-4de9-9dee-d4976130b46e	POST	/api/auth/refresh-token	undefined
03.03.2025	 07.41.44	43a73334-1e5c-443e-89e1-9c2b85b678bc	POST	/api/auth/refresh-token	undefined
03.03.2025	 07.42.07	ba86eca3-c888-49f2-a3b6-c6f891f9eb9b	POST	/api/auth/refresh-token	undefined
03.03.2025	 07.42.46	56055df3-bc42-49c9-af0f-2b28e6d625e6	POST	/api/auth/refresh-token	undefined
03.03.2025	 07.43.08	c472a376-8997-405c-8065-e5b42cdbe066	POST	/api/auth/login	undefined
03.03.2025	 07.43.21	40e7f758-6c90-45e7-b280-d97531e1902f	POST	/api/auth/refresh-token	undefined
03.03.2025	 07.44.06	aca02ebd-f727-4086-b1e8-49c6efceb0b1	POST	/api/auth/login	undefined
03.03.2025	 07.44.21	6edeb8a8-777e-4a14-aa2e-c1700829328b	POST	/api/auth/refresh-token	undefined
03.03.2025	 07.44.46	fcb462ee-bcd4-46d5-83ec-1b765fe3cefc	POST	/api/auth/refresh-token	undefined
03.03.2025	 07.45.40	62b5cfac-0eb8-4bc2-bb5d-ce3a2f7c7448	POST	/api/auth/refresh-token	undefined
03.03.2025	 07.49.41	769ba1f2-45d8-4e65-a110-d302d996f28a	POST	/api/auth/refresh-token	undefined
03.03.2025	 07.57.04	7172ee16-5674-4e94-9ce4-35d1ae0579fa	POST	/api/auth/refresh-token	undefined
03.03.2025	 07.57.48	8882cfe3-5e66-460e-816c-f4a9931a8e26	POST	/api/auth/refresh-token	undefined
03.03.2025	 07.58.00	9ac4231a-c516-4678-a5da-8da49c30c528	POST	/api/auth/refresh-token	undefined
03.03.2025	 07.58.19	615adcd0-7806-41a3-9909-6f3b1ee7e9f9	POST	/api/auth/refresh-token	undefined
03.03.2025	 07.59.24	14d99b0c-4582-4525-bead-d9b39b928cee	POST	/api/auth/refresh-token	undefined
03.03.2025	 07.59.45	1317d153-9ea2-4e5e-a6c5-c71c4cf6bbd4	POST	/api/auth/refresh-token	undefined
03.03.2025	 07.59.59	be28357b-dc68-46d9-b6ef-4fda6806af97	POST	/api/auth/refresh-token	undefined
03.03.2025	 08.00.10	ca968de3-98ef-4f8f-86ea-a1b2a740e085	POST	/api/auth/login	undefined
03.03.2025	 08.00.22	7d2928b1-785d-4de3-9ed9-130850fbd14e	POST	/api/auth/refresh-token	undefined
03.03.2025	 16.58.47	9064d09c-6b01-4721-b83c-c8f6bc25ef64	POST	/api/auth/login	undefined
03.03.2025	 16.59.05	b7e9750b-9ca3-43f8-9531-7d45dd4fb8cb	GET	/api/users/	undefined
03.03.2025	 16.59.33	8658d02c-e419-4f89-8cda-430763d1a936	POST	/api/auth/logout	undefined
03.03.2025	 17.00.05	d1a126a0-494c-436a-8c0e-b23cdf58709b	POST	/api/auth/logout	undefined
03.03.2025	 17.00.33	05a34dc8-27b3-4bd1-ad33-530488291fa2	POST	/api/auth/logout	undefined
03.03.2025	 17.00.37	48e738dd-c795-460e-a38c-c87fc47defd1	GET	/api/users/	undefined
03.03.2025	 17.00.43	bd7b5d18-2cd5-4dc2-8f9c-529fcf5bb115	POST	/api/auth/login	undefined
03.03.2025	 17.10.14	a306ea9e-15fa-48e0-8da0-9838882e6f8b	GET	/api/users/	undefined
03.03.2025	 17.13.11	fc9dc7d6-f5db-4a16-8629-7b4bad58ca97	POST	/api/auth/login	undefined
03.03.2025	 17.13.30	1fbee6a6-4b4b-41bf-ac62-d9de4d4b0d6a	GET	/api/users/	undefined
03.03.2025	 17.13.39	3f0dd65c-e389-46da-be87-eff0841eb220	POST	/api/users/	undefined
03.03.2025	 17.28.48	9081bfda-3736-42af-9dd7-3b802348f657	POST	/api/auth/register	undefined
03.03.2025	 17.29.08	3b402591-f8d3-4a69-9a5d-a91b1f759c0b	POST	/api/auth/register	undefined
03.03.2025	 17.30.21	8f3339d8-a8cd-4052-a699-cdefb78b13a9	POST	/api/auth/logout	undefined
03.03.2025	 17.30.30	74ec6d87-6bef-459b-828c-294cc7fa4d40	POST	/api/auth/logout	undefined
03.03.2025	 17.30.40	bb7f82b4-8941-481f-a6a2-ab2e022f4814	POST	/api/auth/register	undefined
03.03.2025	 17.34.44	b089c467-cdcd-406c-a707-13f5be8a877b	POST	/api/auth/register	undefined
03.03.2025	 17.34.49	3d23acf3-6a18-4bab-8e26-40b30631460c	POST	/api/auth/register	undefined
03.03.2025	 17.35.01	c2dad70f-c2c9-4f4c-94ef-86af9846d1c9	POST	/api/auth/logout	undefined
03.03.2025	 17.35.52	f4447570-818c-48d5-8753-2da4023eadf5	POST	/api/auth/logout	undefined
03.03.2025	 17.35.57	2826f87b-54dc-4bc2-958b-9f855adda4c4	POST	/api/auth/login	undefined
03.03.2025	 17.36.02	90b34a5d-3fa3-4230-b006-c05607f39268	POST	/api/auth/logout	undefined
03.03.2025	 17.36.03	948372b8-5746-4213-be52-826215c58055	POST	/api/auth/logout	undefined
03.03.2025	 17.37.28	85bddf13-86ac-4fca-8f45-13aad4ec9341	POST	/api/auth/register	undefined
03.03.2025	 17.39.23	b171afc8-3e6d-4fbc-86d3-0c2eee649aae	POST	/api/auth/register	undefined
03.03.2025	 17.41.47	0df75842-1757-4ee4-9365-c8bf88497e79	POST	/api/auth/register	undefined
03.03.2025	 17.42.27	65958671-2027-48a3-b9c4-3f562ed65227	GET	/api/auth/verify/eyJhbGciOiJIUzI1NiIsInR5cCI6IkpXVCJ9.eyJlbWFpbCI6ImlzYWhtZXQwODlAZ21haWwuY29tIiwiaWF0IjoxNzQxMDEyOTA4LCJleHAiOjE3NDEwOTkzMDh9.bwh3GjHYY9cl7yyakLm8W6Ueb10Q63bWxjY-a-dJQyQ	undefined
03.03.2025	 17.42.28	0cbccb89-ad53-495d-84a1-186795875f0b	GET	/favicon.ico	undefined
03.03.2025	 17.44.10	4179aec6-5041-476a-9530-adc9f8cff7cf	POST	/api/auth/register	undefined
03.03.2025	 17.47.09	f0f7046d-3095-4fe9-bef1-cd509df9445e	GET	/api/auth/verify/eyJhbGciOiJIUzI1NiIsInR5cCI6IkpXVCJ9.eyJlbWFpbCI6ImlzYWhtZXQwODlAZ21haWwuY29tIiwiaWF0IjoxNzQxMDEyOTA4LCJleHAiOjE3NDEwOTkzMDh9.bwh3GjHYY9cl7yyakLm8W6Ueb10Q63bWxjY-a-dJQyQ	undefined
03.03.2025	 17.47.31	a948e3e6-3555-4838-aa64-461b04417383	POST	/api/auth/logout	undefined
03.03.2025	 17.47.45	d1c6e8ef-67d4-4714-8e56-4c655be44e2b	GET	/api/users/	undefined
03.03.2025	 17.47.50	c8c75fa5-0402-4cd2-97c3-679727e3c736	POST	/api/auth/login	undefined
03.03.2025	 17.47.53	a3abd761-382b-47fe-b359-68bdef8571c2	GET	/api/users/	undefined
03.03.2025	 17.48.03	38f46f6a-0127-407c-9570-d49fd00bb6b1	DELETE	/api/users/67c5c03ac6325d26382900a1	undefined
03.03.2025	 17.48.11	acc80362-ffd4-4f2e-b424-3c9ae7c0bb40	DELETE	/api/users/67c5bfacdd24e7569588657a	undefined
03.03.2025	 17.48.28	a1ca2176-51ae-482c-a5be-b6f7a282618e	POST	/api/auth/register	undefined
03.03.2025	 17.49.02	ad2392d6-b12a-4303-81c4-1e43647c940f	POST	/api/auth/register	undefined
03.03.2025	 17.49.13	3da51cc3-c886-4bd9-9c7e-7d8a9adc3fe9	GET	/api/auth/verify/eyJhbGciOiJIUzI1NiIsInR5cCI6IkpXVCJ9.eyJlbWFpbCI6ImlzYWhtZXQwODlAZ21haWwuY29tIiwiaWF0IjoxNzQxMDEzMzQzLCJleHAiOjE3NDEwOTk3NDN9.x5eXPjzuq9Rw8sFCFhWYnRADhzqbP6SmHhcgtLG4u5U	undefined
03.03.2025	 17.51.08	5e573457-4ae5-48ea-9e42-3508c42f3a45	GET	/api/auth/verify/eyJhbGciOiJIUzI1NiIsInR5cCI6IkpXVCJ9.eyJlbWFpbCI6ImlzYWhtZXQwODlAZ21haWwuY29tIiwiaWF0IjoxNzQxMDEzMzQzLCJleHAiOjE3NDEwOTk3NDN9.x5eXPjzuq9Rw8sFCFhWYnRADhzqbP6SmHhcgtLG4u5U	undefined
03.03.2025	 17.51.31	6ec80df9-e697-4cce-b424-672eb84ec5b1	GET	/api/auth/verify/eyJhbGciOiJIUzI1NiIsInR5cCI6IkpXVCJ9.eyJlbWFpbCI6ImlzYWhtZXQwODlAZ21haWwuY29tIiwiaWF0IjoxNzQxMDEzMzQzLCJleHAiOjE3NDEwOTk3NDN9.x5eXPjzuq9Rw8sFCFhWYnRADhzqbP6SmHhcgtLG4u5U	undefined
03.03.2025	 17.51.32	7dce8c90-5e93-4160-8e9f-b659a823512f	GET	/api/auth/verify/eyJhbGciOiJIUzI1NiIsInR5cCI6IkpXVCJ9.eyJlbWFpbCI6ImlzYWhtZXQwODlAZ21haWwuY29tIiwiaWF0IjoxNzQxMDEzMzQzLCJleHAiOjE3NDEwOTk3NDN9.x5eXPjzuq9Rw8sFCFhWYnRADhzqbP6SmHhcgtLG4u5U	undefined
03.03.2025	 17.51.33	8d7728ae-2457-4fca-a270-d3b13f5ddcee	GET	/api/auth/verify/eyJhbGciOiJIUzI1NiIsInR5cCI6IkpXVCJ9.eyJlbWFpbCI6ImlzYWhtZXQwODlAZ21haWwuY29tIiwiaWF0IjoxNzQxMDEzMzQzLCJleHAiOjE3NDEwOTk3NDN9.x5eXPjzuq9Rw8sFCFhWYnRADhzqbP6SmHhcgtLG4u5U	undefined
03.03.2025	 17.51.34	9922b5d1-2e51-4eb9-96d6-d7fb332d3a68	GET	/api/auth/verify/eyJhbGciOiJIUzI1NiIsInR5cCI6IkpXVCJ9.eyJlbWFpbCI6ImlzYWhtZXQwODlAZ21haWwuY29tIiwiaWF0IjoxNzQxMDEzMzQzLCJleHAiOjE3NDEwOTk3NDN9.x5eXPjzuq9Rw8sFCFhWYnRADhzqbP6SmHhcgtLG4u5U	undefined
03.03.2025	 17.51.34	3e67750c-2720-43a4-b3fd-300651835707	GET	/api/auth/verify/eyJhbGciOiJIUzI1NiIsInR5cCI6IkpXVCJ9.eyJlbWFpbCI6ImlzYWhtZXQwODlAZ21haWwuY29tIiwiaWF0IjoxNzQxMDEzMzQzLCJleHAiOjE3NDEwOTk3NDN9.x5eXPjzuq9Rw8sFCFhWYnRADhzqbP6SmHhcgtLG4u5U	undefined
03.03.2025	 17.52.33	23202f56-a01e-452a-bd5c-3850dbef6030	GET	/api/auth/verify/eyJhbGciOiJIUzI1NiIsInR5cCI6IkpXVCJ9.eyJlbWFpbCI6ImlzYWhtZXQwODlAZ21haWwuY29tIiwiaWF0IjoxNzQxMDEzMzQzLCJleHAiOjE3NDEwOTk3NDN9.x5eXPjzuq9Rw8sFCFhWYnRADhzqbP6SmHhcgtLG4u5U	undefined
03.03.2025	 18.10.52	980ac76f-9617-4926-8035-5730ce71bfd1	POST	/api/auth/logout	undefined
03.03.2025	 18.16.50	cd37f54f-1fc5-4e35-8a74-1744ed33f04c	POST	/api/auth/logout	undefined
03.03.2025	 18.16.56	d298ef50-3ce6-490e-bca0-7346bd54ea79	POST	/api/auth/login	undefined
03.03.2025	 18.17.28	4414a9ac-dee5-4324-9452-3a1ad02c5e5e	POST	/api/auth/login	undefined
03.03.2025	 18.17.52	beac4411-7786-4aa8-8887-29cd77a855a6	POST	/api/auth/logout	undefined
03.03.2025	 18.23.46	09377b9d-4008-491e-b75e-5e99078e1023	POST	/api/auth/logout	undefined
03.03.2025	 18.23.58	2282e989-c907-43cb-8b7e-b44bbfb997eb	POST	/api/auth/login	undefined
03.03.2025	 18.24.16	00208913-b4e6-4d70-b1e1-ba56a7a1394a	POST	/api/auth/logout	undefined
03.03.2025	 18.24.21	f7863b81-86c3-4f25-8999-875d5a92809c	POST	/api/auth/login	undefined
03.03.2025	 18.24.40	cd21396e-6102-4f29-b210-10fea2e36655	POST	/api/auth/login	undefined
03.03.2025	 18.25.32	965f4d4d-d5af-40d8-8165-fac998ad282f	POST	/api/auth/refresh-token	undefined
03.03.2025	 18.27.58	efdb02af-c396-42c5-b30c-e86f89981e4b	POST	/api/auth/refresh-token	undefined
03.03.2025	 18.29.44	abc9992d-ddf7-486c-9baa-afe2c98bbafb	POST	/api/auth/refresh-token	undefined
03.03.2025	 18.29.53	f39c382c-dc0e-4674-93de-52e5894d3789	POST	/api/auth/refresh-token	undefined
03.03.2025	 18.30.04	ea1d07b6-8018-4528-be78-f9f8b2f582e8	POST	/api/auth/login	undefined
03.03.2025	 18.30.25	c38c9670-d304-4e97-9446-50aece75a004	POST	/api/auth/refresh-token	undefined
03.03.2025	 18.30.50	610a8f32-8087-477d-9450-d49f03d76367	POST	/api/auth/refresh-token	undefined
03.03.2025	 18.31.29	82bd7fa3-9aaa-4d2d-bbd7-d2d148b8bd96	POST	/api/auth/login	undefined
03.03.2025	 18.31.32	f1939149-c678-471d-8c80-dd9a473ce3b4	POST	/api/auth/logout	undefined
03.03.2025	 18.31.44	eae38b52-fd1e-4f1e-b9f2-9dbf76adcf7d	POST	/api/auth/login	undefined
03.03.2025	 18.31.47	1d83d76b-8df2-44f2-a5dd-59d3060c00d3	POST	/api/auth/refresh-token	undefined
03.03.2025	 18.34.10	4530dbd2-9335-4e88-96a7-c264dae53dc3	POST	/api/auth/refresh-token	undefined
03.03.2025	 18.49.04	820b027b-1b2e-4558-a0d6-09abb03d01cb	POST	/api/auth/refresh-token	undefined
03.03.2025	 18.50.17	119d3e77-70e6-40a9-a1eb-3d9cf25f7f4f	POST	/api/auth/login	undefined
03.03.2025	 18.50.36	009fb77a-f614-4a15-a843-463e81b3e7f9	POST	/api/auth/refresh-token	undefined
03.03.2025	 18.51.49	ef19d421-4698-400c-8099-8e392d18b59e	POST	/api/auth/logout	undefined
03.03.2025	 18.52.03	cda8df07-7a20-4c5d-8b2b-07812d3f9cc3	POST	/api/auth/login	undefined
03.03.2025	 18.53.04	693daf5a-1994-4fa6-8ab0-ffc514d4a348	GET	/api/users/	undefined
03.03.2025	 18.53.17	c8ca4975-6790-4b89-870b-2e571ec1366f	POST	/api/auth/login	undefined
03.03.2025	 18.53.21	1d48bc62-e218-44a3-a75a-61078255cf2e	GET	/api/users/	undefined
03.03.2025	 18.54.09	f3da4219-6aad-4854-9a3f-9a1ba0561562	POST	/api/auth/logout	undefined
03.03.2025	 18.54.16	ef201847-a47e-4f12-b6ed-7f04589b6658	POST	/api/auth/login	undefined
03.03.2025	 18.54.24	ea66e826-4ee5-4e42-9d79-865e852a5c98	POST	/api/auth/logout	undefined
03.03.2025	 18.54.37	56015241-ad2a-47bd-b479-6b7ea7d3a38e	POST	/api/auth/login	undefined
03.03.2025	 18.55.03	f5c085f9-3a38-4e6c-bd8f-51ee5f5306ed	POST	/api/auth/logout	undefined
03.03.2025	 18.55.07	55b86de8-3706-4d35-a8da-0b912e65ac7f	GET	/api/users/	undefined
03.03.2025	 18.55.15	95cff7c7-5c56-44ba-8725-9dc893805e0a	POST	/api/auth/login	undefined
03.03.2025	 18.55.20	55c81fb4-3ba5-41c5-8799-f8b2b49f2eb2	POST	/api/auth/logout	undefined
03.03.2025	 18.55.30	c75d9a1c-39b8-4af0-a763-e0c6771a3f0f	GET	/api/users/	undefined
03.03.2025	 18.55.33	237511ff-25f1-4e45-8d29-f9f4f766b7e2	POST	/api/auth/login	undefined
03.03.2025	 18.55.37	991bb212-79af-41c0-8228-6c8c1d12e8de	GET	/api/users/	undefined
03.03.2025	 18.55.56	45bfed5e-8114-4e07-af91-f06624211ef8	POST	/api/auth/refresh-token	undefined
03.03.2025	 18.56.13	aebcf9b3-e3f1-4a6a-98a3-b68ff2ee2629	POST	/api/auth/login	undefined
03.03.2025	 18.56.18	8a0237f8-9ffd-4d0f-9982-d14c7c1d4ee0	POST	/api/auth/refresh-token	undefined
03.03.2025	 18.56.52	0d0dc461-7d6f-428b-a770-2d3db5b722f7	POST	/api/auth/login	undefined
03.03.2025	 18.58.15	8bb7923b-781b-45e6-bb30-ada84569db5e	POST	/api/auth/login	undefined
03.03.2025	 18.59.10	350a8c45-9eda-42b0-bb34-abdb53a6c8ad	POST	/api/auth/login	undefined
03.03.2025	 18.59.15	2587202a-ef4b-4c7d-b9d2-ffeba7d1128a	POST	/api/auth/logout	undefined
03.03.2025	 18.59.56	2a5aeb89-22a7-4183-8820-413b8c7959ec	POST	/api/auth/logout	undefined
03.03.2025	 19.13.30	ce5e5c47-7bdc-42ff-817c-bd1cd6292ea4	POST	/api/auth/logout	undefined
03.03.2025	 19.13.33	0b6607de-1040-4a36-b1e4-f9013059ae31	POST	/api/auth/logout	undefined
03.03.2025	 19.13.34	5be6dd14-4666-4a75-a0c2-187120091de4	POST	/api/auth/logout	undefined
03.03.2025	 20.32.12	43a1958b-5349-40a5-8d06-3d285a4fdcc3	POST	/api/auth/login	undefined
03.03.2025	 20.32.30	0fb695df-340c-403a-90d1-900361088efa	POST	/api/auth/login	undefined
03.03.2025	 20.34.13	6194ece8-ec2d-498e-8013-83cd669bd3df	POST	/api/auth/login	undefined
03.03.2025	 20.35.10	f334eb97-1ecf-4abe-a627-c719c62e8d19	GET	/api/users/	undefined
03.03.2025	 20.35.36	82ae94d7-9487-4c57-ac7a-541d545d5c9e	POST	/api/auth/login	undefined
03.03.2025	 20.35.56	6a7fee4e-eb30-40ee-b195-3aea84fe69f3	POST	/api/auth/login	undefined
03.03.2025	 22.13.58	d2cd70e7-eba1-471c-8ce4-a0c23e99d60d	POST	/api/auth/login	undefined
03.03.2025	 22.14.08	da6d2653-e2f7-4166-bfb9-03a22c582819	GET	/api/users/	undefined
03.03.2025	 22.14.53	c5021cb7-1c00-49b1-9ffe-c46d6656b3cd	POST	/api/auth/refresh-token	undefined
03.03.2025	 22.15.58	9463bcf9-2f4a-4d35-8229-6596d65c3c49	POST	/api/auth/logout	undefined
03.03.2025	 22.16.04	e21c2810-1879-4746-ac23-bea912ab3b6f	POST	/api/auth/refresh-token	undefined
03.03.2025	 22.16.06	516da911-d754-431e-851f-f30137661729	POST	/api/auth/refresh-token	undefined
03.03.2025	 22.16.07	ada45759-a30f-4283-b6de-545c0eaf6dc1	POST	/api/auth/refresh-token	undefined
03.03.2025	 22.16.08	675108ba-7186-4d55-8e0f-ed57c187cc91	POST	/api/auth/refresh-token	undefined
03.03.2025	 22.16.10	6cea1f21-2b0c-4d2c-8851-9ede2b02d208	POST	/api/auth/refresh-token	undefined
03.03.2025	 22.16.11	6ef3c92a-a47d-40a9-9a3f-7b29f10eaa42	POST	/api/auth/refresh-token	undefined
03.03.2025	 22.17.51	5621b282-aecb-44fa-b848-5c9874a796ad	GET	/api/users/	undefined
03.03.2025	 22.17.57	7875ef70-7ecb-49b6-bc6b-81b2e3ed2243	POST	/api/auth/login	undefined
03.03.2025	 22.18.01	3864d639-1cad-4b1d-9f28-cc608622a1a9	GET	/api/users/	undefined
03.03.2025	 22.18.06	6735bce2-13b3-447e-b91a-95e1a87138fb	POST	/api/auth/logout	undefined
03.03.2025	 22.18.09	ea272bf5-9537-4bbf-b958-1509a45349d5	GET	/api/users/	undefined
03.03.2025	 22.18.30	2dfcd5f3-0040-48ba-babf-4950785f0621	POST	/api/auth/login	undefined
03.03.2025	 22.18.38	284bee71-f5db-4d82-aa76-51e06258484a	POST	/api/auth/logout	undefined
03.03.2025	 22.18.48	bb45083d-6cc7-48b6-94f3-25a430b96a39	POST	/api/auth/logout	undefined
03.03.2025	 22.20.19	4ddc7d26-fee3-4e6e-9bb5-18536abe4f21	POST	/api/auth/login	undefined
03.03.2025	 22.27.25	940a0eaf-1e5b-442b-8288-02cb94b9bddb	POST	/api/auth/login	undefined
03.03.2025	 22.27.53	47633499-1b77-4762-9ed6-6ed52d4a8880	POST	/api/auth/logout	undefined
03.03.2025	 22.27.58	7cf407e8-81a6-4ad6-8ebf-f0a3c0129296	GET	/api/users/	undefined
03.03.2025	 22.28.03	015cf692-d5cb-406e-963c-a91a4e230d5f	PUT	/api/users/67c2447293582c8d5775a5a4	undefined
03.03.2025	 22.28.06	2a8313e6-f84e-4dc4-a51d-c4ef4a90c649	GET	/api/users/	undefined
03.03.2025	 22.28.10	3bd8c660-fc88-43f6-9e28-49b493c351cd	POST	/api/auth/login	undefined
04.03.2025	 00.00.42	b2b4fc17-ecab-4420-9254-4d4b5b98f739	POST	/api/auth/login	undefined
04.03.2025	 00.01.13	a98594ea-04f1-490e-b422-520f91415ca8	POST	/api/auth/refresh-token	undefined
04.03.2025	 00.09.07	f2cd665a-d57d-478e-a6c9-063527fbde50	POST	/api/auth/login	undefined
04.03.2025	 00.09.28	3d12ba23-ac8c-40e1-82b0-489d65f68546	POST	/api/auth/login	undefined
04.03.2025	 00.12.41	05d5b4b8-4d76-4cee-b6a7-8d59e336f66e	POST	/api/auth/login	undefined
04.03.2025	 00.13.00	b274e22b-22a9-4d0b-bd29-e9f19af49e71	GET	/api/users/	undefined
04.03.2025	 00.13.03	3b351f6f-8f1e-44d8-91e3-0bc205ada960	POST	/api/auth/login	undefined
04.03.2025	 00.13.10	3d0dd7bb-67c5-48e6-993f-16519cbec9cb	POST	/api/auth/login	undefined
04.03.2025	 00.13.41	8eb7a0cd-33d1-4a3f-ba09-d18412c2792f	DELETE	/api/users/67c5c15f78699983435e4aef	undefined
04.03.2025	 00.13.49	2daeab7a-7923-4112-83a3-164094ec6516	POST	/api/auth/login	undefined
04.03.2025	 00.13.54	647775a6-6b8f-4ce9-b152-4106fa4ee8ae	POST	/api/auth/register	undefined
04.03.2025	 00.15.47	887aa03f-f4b8-4eff-a0eb-c513dee2947a	POST	/api/auth/login	undefined
04.03.2025	 00.16.20	c1a24bf0-edd7-4e3b-9260-6a1da40980fa	GET	/api/auth/verify/eyJhbGciOiJIUzI1NiIsInR5cCI6IkpXVCJ9.eyJlbWFpbCI6ImlzYWhtZXQwODlAZ21haWwuY29tIiwiaWF0IjoxNzQxMDM2NDM1LCJleHAiOjE3NDExMjI4MzV9.sbKQkOehHdKXfu--IZo9Idmgwng3gBtiuXfARKAgvz8	undefined
04.03.2025	 00.16.27	40e4eb16-b786-434a-9d56-48c5b285ddc1	POST	/api/auth/login	undefined
04.03.2025	 04.08.21	871be3fd-bdf3-4688-91ae-99d221e42e60	POST	/api/meals/	undefined
04.03.2025	 05.07.55	1708d5c0-445c-4490-a591-6e7ea054174e	POST	/api/auth/login	undefined
04.03.2025	 05.08.06	8a5b1b10-7d42-451c-965a-6da5674654cc	GET	/api/users/	undefined
04.03.2025	 05.08.12	054b1246-6245-4ed1-ba6a-fd09a989fc6f	GET	/api/meals/	undefined
04.03.2025	 05.08.28	3a075d91-3648-43c1-80bb-96ebca5bef05	GET	/api/meals/day	undefined
04.03.2025	 05.08.41	b80fd4cc-c309-4acf-9f9f-4638f55d59f0	GET	/api/meals/week	undefined
04.03.2025	 05.55.44	d7702e26-6ed2-44dd-a9e3-00b77c573bc4	GET	/api/comment	undefined
04.03.2025	 05.56.49	983a261b-57f3-4362-a169-80f575f8c3bc	GET	/api/users/	undefined
04.03.2025	 05.56.56	9871880f-103a-43ea-9181-1ae56215c8fc	POST	/api/auth/login	undefined
04.03.2025	 05.57.35	833751b8-f4d0-4750-b417-05faede2d9cc	GET	/api/meals/day	undefined
04.03.2025	 05.57.52	58f07a85-d873-444e-9bdb-73a262649538	POST	/api/comments/	undefined
04.03.2025	 05.58.42	6f7e84a8-6fb0-4002-806f-5f0de5f1fd87	POST	/api/comment/	undefined
04.03.2025	 05.59.20	28b22363-300a-41fa-b391-ae75b601a316	POST	/api/comment/	undefined
04.03.2025	 05.59.55	4a959fc5-cf9a-449e-b6d1-27ccea8f723a	POST	/api/comment/	undefined
04.03.2025	 06.00.33	1f43a4b4-212e-4c75-9010-4c8369ad9adf	POST	/api/comment/	undefined
04.03.2025	 06.00.56	5973159b-9311-4ca0-bfcf-d96d7c3fa08c	POST	/api/comment/	undefined
04.03.2025	 06.01.46	ca02f285-ffaa-46b5-a65b-3ab0e8c252df	POST	/api/comment/	undefined
04.03.2025	 06.01.52	09e8533e-ee06-46b3-a578-b7868235a435	GET	/api/comment	undefined
04.03.2025	 06.04.13	0153fbc6-81a1-4c7b-baf9-75f4ce6615ea	GET	/api/comment	undefined
04.03.2025	 06.06.56	b2996e09-e783-41db-ba05-ae0e2ed7f13a	POST	/api/comment/	undefined
04.03.2025	 06.08.23	adc9470b-c107-4c5c-a74c-dc046ca7dc4c	GET	/api/comment	undefined
04.03.2025	 21.28.14	d7f4f164-86e9-4f94-809d-f015886a90d1	GET	/api/auth/login	undefined
04.03.2025	 21.28.15	d0ce70de-78fe-43a2-b43e-36480e18d5ce	GET	/favicon.ico	undefined
04.03.2025	 21.35.44	0cf96577-9efb-4aee-b8a1-8e96a2c99221	GET	/api/auth/login	undefined
04.03.2025	 21.36.52	be05a127-370f-437f-8072-41facfd0c7d4	GET	/api/auth/login	undefined
04.03.2025	 21.38.19	2ff7a5eb-2132-40a9-a75a-f9a4a6ec41aa	GET	/api/auth/login	undefined
04.03.2025	 21.40.06	a86571b8-40f0-45d3-8b54-f9dd93dc56d9	GET	/api/auth/meal	undefined
04.03.2025	 21.40.15	dc5d2089-2452-4065-bade-4fab921d08ed	GET	/api/auth/meal/day	undefined
04.03.2025	 21.40.37	f7101aff-ce89-4883-813b-deaf2f0a7664	GET	/api/auth/meals/day	undefined
04.03.2025	 21.40.51	7af370f9-8c4f-4dfa-bb78-e20d6c31b8c0	GET	/api/meals/day	undefined
04.03.2025	 21.45.13	298be031-3ea7-4b92-a1c5-308dc914f4d8	POST	/api/auth/login	undefined
04.03.2025	 21.45.24	e54cd41f-cb9e-483c-bb11-fe3668cabc5d	GET	/api/users/	undefined
04.03.2025	 21.45.29	cb676542-fed1-4c53-85a0-45c67d97c8d9	POST	/api/auth/logout	undefined
04.03.2025	 21.45.32	4dabb2eb-c5c5-4af9-b92b-ef57e044630d	GET	/api/users/	undefined
04.03.2025	 21.57.53	8f2f9303-f45a-4d35-9350-54a427a7551d	POST	/api/auth/login	undefined
04.03.2025	 21.58.28	dbd88e4f-7a10-418b-9705-e69fa26d7a2e	POST	/api/comment/	undefined
04.03.2025	 21.59.25	5a791cc6-83a4-47d3-aa26-a556507f0ebe	POST	/api/comment/	undefined
04.03.2025	 22.01.01	78cebb2a-84e6-48f5-b988-e9e955fd0923	POST	/api/comment/	undefined
04.03.2025	 22.01.11	ef91be29-a2af-468c-8f5d-fce3f5b1e8d0	POST	/api/comment/	undefined
04.03.2025	 22.38.08	f8ab3c57-f0c6-41b9-82bf-1d39e4d7f7d5	POST	/api/auth/login	undefined
04.03.2025	 22.38.11	c773cafd-325c-4d3b-b8eb-cc19aa606f7a	POST	/api/comment/	undefined
04.03.2025	 22.38.37	fa69742c-d43d-43b8-a556-b8d266efec0c	POST	/api/comment/	undefined
04.03.2025	 22.38.52	213f7433-a518-4ece-8fa4-a54e040c4de1	POST	/api/comment/	undefined
04.03.2025	 22.38.59	e21299ce-0dc6-4034-898b-18527186bb4e	POST	/api/comment/	undefined
04.03.2025	 22.40.36	c59fd050-54bf-4d0e-95f8-80f91cdadc03	POST	/api/comment/	undefined
04.03.2025	 22.40.53	f9557c51-05c2-4ca4-90cb-4d9d35776b60	POST	/api/comment/	undefined
04.03.2025	 22.44.13	ded9150b-88af-4ebf-98b1-e3a0f8f5caa0	POST	/api/auth/login	undefined
04.03.2025	 22.45.36	e7669c76-3c40-487e-aae2-e6fabce75df7	POST	/api/auth/login	undefined
04.03.2025	 22.49.23	d85c7218-046c-48a0-ab1b-0c962ed14118	POST	/api/auth/login	undefined
04.03.2025	 22.50.02	2511ef81-c4d9-4514-8c9e-47368f0bc94c	POST	/api/auth/login	undefined
04.03.2025	 22.50.06	8ce81cc6-c953-43a1-ada0-95e220f7346f	POST	/api/auth/logout	undefined
04.03.2025	 22.50.12	1aac4aae-e043-4096-8419-6d4e78f62d08	POST	/api/auth/login	undefined
04.03.2025	 22.50.39	af0091f1-48c2-47e2-b20e-a7143f7c2ae9	POST	/api/auth/login	undefined
04.03.2025	 22.50.42	5ef3fb19-e2f6-4400-8428-9137654f77f0	POST	/api/auth/logout	undefined
04.03.2025	 22.50.49	1052b747-2a34-4f01-a4b6-f283aa610dbf	POST	/api/auth/login	undefined
04.03.2025	 22.51.29	e353c778-b31e-463e-87ca-0f1f16dc306c	POST	/api/auth/logout	undefined
04.03.2025	 22.53.59	db789019-6b30-41eb-a8c0-49f28a77df17	POST	/api/auth/login	undefined
04.03.2025	 22.54.06	034347fc-a08a-4cae-a3d5-3a6f948ebf49	POST	/api/auth/logout	undefined
04.03.2025	 22.55.09	5ac8bd3d-4941-4da5-9dc2-9f3c03f3edc8	POST	/api/auth/login	undefined
04.03.2025	 22.56.28	628f8303-78c1-4bd8-8448-d17b80647175	POST	/api/comment/	undefined
04.03.2025	 22.57.48	64f1e56e-e43b-40c5-a188-06f225fe2900	POST	/api/comment/	undefined
04.03.2025	 22.58.05	f17193a3-fda4-4cd1-80c3-3ad861b7e07c	POST	/api/auth/logout	undefined
04.03.2025	 22.58.10	d750b5c0-4a57-434d-b749-45f4c97176d8	POST	/api/auth/login	undefined
04.03.2025	 22.58.19	92dde051-7d06-4d94-b30b-dd785bd30e2f	POST	/api/comment/	undefined
04.03.2025	 23.01.30	2297f19c-38ce-47c5-aebb-33202c208c15	POST	/api/comment/	undefined
04.03.2025	 23.02.41	5d39c4fb-2b0d-424a-a4b0-803da702916a	POST	/api/comment/	undefined
04.03.2025	 23.10.43	d4b812ec-0795-4482-89d4-12d7499bc92f	POST	/api/comment/	undefined
04.03.2025	 23.11.26	09e12304-98d0-4d4e-8fae-c3defd2b359a	GET	/api/comments	undefined
04.03.2025	 23.11.29	b8d506f5-302a-40e8-8c1f-9eaa1fe0d88f	GET	/api/comment	undefined
04.03.2025	 23.12.01	e5e85405-5160-4e37-a1ad-3a2764d5b204	POST	/api/auth/logout	undefined
04.03.2025	 23.12.05	48b19e91-d394-4374-bdb2-2f4bbc0bba77	POST	/api/comment/	undefined
04.03.2025	 23.13.17	d3d1b6fd-e2b7-4af8-84b7-a1c95550d34e	POST	/api/comment/	undefined
04.03.2025	 23.13.22	1e82212d-0c9d-4963-80f2-158f758e7fcc	POST	/api/auth/login	undefined
04.03.2025	 23.13.26	2ec908ae-b8a6-4c57-ad66-eea97daa3a0b	POST	/api/comment/	undefined
04.03.2025	 23.13.31	875b9b4f-9abd-4313-8540-ba52e06a0b1f	POST	/api/auth/logout	undefined
04.03.2025	 23.13.34	5fc4c491-05d5-443d-a3cb-4b6f2859b87b	POST	/api/comment/	undefined
04.03.2025	 23.14.01	2648d6e8-9f63-4fd9-a05b-f1a27b210121	GET	/api/comment	undefined
04.03.2025	 23.15.03	18ec4977-9aff-41e9-be26-8f60e961188b	POST	/api/auth/login	undefined
04.03.2025	 23.15.12	0b8c798d-8b2c-4a55-b275-2c8f4b58b39d	GET	/api/comment	undefined
04.03.2025	 23.16.36	bc2542a4-f93d-4375-9751-0d71ccb2a7aa	GET	/api/comment	undefined
04.03.2025	 23.17.43	0707ea42-c460-4a95-b193-b036f78ffc69	GET	/api/comment	undefined
04.03.2025	 23.18.35	76851277-7c6f-4f53-9d62-5d55c95d3245	GET	/api/comment	undefined
04.03.2025	 23.19.52	73c981f1-7348-4bd5-969a-15330061c808	GET	/api/comment	undefined
04.03.2025	 23.19.54	54e0cc78-2305-4e0d-a698-7b39e59d626c	GET	/api/comment	undefined
04.03.2025	 23.19.55	4d239342-5343-4530-847f-67cc1922a6bc	GET	/favicon.ico	undefined
04.03.2025	 23.20.14	798b10bf-7a97-4c55-974c-4f3676103e2c	GET	/api/comment	undefined
04.03.2025	 23.20.15	198f08ea-48fe-4d34-a9da-865f5a539998	GET	/api/comment	undefined
04.03.2025	 23.20.15	df22116b-1e9a-47e2-9052-3bccb09adb3c	GET	/favicon.ico	undefined
04.03.2025	 23.20.16	93423cd3-3f94-4343-8a6e-46848e7ddc44	GET	/api/comment	undefined
04.03.2025	 23.20.17	cd887b21-ffb5-4404-a61b-fca979ddd9b2	GET	/api/comment	undefined
04.03.2025	 23.20.17	4ee3d7c7-8368-4a15-89da-aa1abb55b223	GET	/favicon.ico	undefined
04.03.2025	 23.20.17	06b70281-60d9-45f2-aa1c-304b5ce78393	GET	/api/comment	undefined
04.03.2025	 23.20.17	e6fcf0c4-e18c-45de-bd87-0983973c3f06	GET	/favicon.ico	undefined
04.03.2025	 23.20.17	fe854de0-bb30-453a-a437-f9d015dda355	GET	/api/comment	undefined
04.03.2025	 23.20.17	17357d0c-3c09-476c-a753-1ce38d98bbcc	GET	/favicon.ico	undefined
04.03.2025	 23.20.17	42a145f0-ddf7-45df-bd6b-8a183d1e9410	GET	/api/comment	undefined
04.03.2025	 23.20.17	4bcfaa62-bb29-4dfe-b45f-6227abae207c	GET	/favicon.ico	undefined
04.03.2025	 23.20.25	f0476fa9-ca70-4806-8568-e3353c2220b9	GET	/api/comment	undefined
04.03.2025	 23.20.26	5ea996ae-8f5b-4174-953c-06b28effafb4	GET	/api/comment	undefined
04.03.2025	 23.20.26	be5ef923-f9f1-4292-a12f-ee15ad52477a	GET	/api/comment	undefined
04.03.2025	 23.20.26	d271ff31-ae1b-4fc4-9b2d-7113aa7a4a02	GET	/favicon.ico	undefined
04.03.2025	 23.20.26	53ab6b99-f9f7-44af-8115-94353a2f0b26	GET	/favicon.ico	undefined
04.03.2025	 23.20.26	0bf8786b-d7ec-4639-96e4-3dda714632cf	GET	/api/comment	undefined
04.03.2025	 23.20.26	6a2b9e64-a901-4be7-bcd6-ffc7af3426dc	GET	/api/comment	undefined
04.03.2025	 23.20.26	1ccd784d-21b6-4e49-9a06-80e5a4540317	GET	/favicon.ico	undefined
04.03.2025	 23.20.27	788d8611-59e2-4e98-b1bb-876317772d43	GET	/api/comment	undefined
04.03.2025	 23.20.27	5bc43701-aae7-432d-ad24-880139f35ac4	GET	/favicon.ico	undefined
04.03.2025	 23.21.14	5ab03984-3e93-4664-a1d9-5b86ff32f16a	GET	/api/comment	undefined
04.03.2025	 23.21.17	cbf575ab-c4db-4b7b-aff2-e1bd76d79dcf	POST	/api/auth/login	undefined
04.03.2025	 23.21.20	55fa8041-cae8-4bfe-bc3f-30771de08f7d	GET	/api/comment	undefined
05.03.2025	 02.03.03	da8db0e8-5f6f-461d-9b30-f18aa6307cb4	GET	/	undefined
05.03.2025	 02.03.03	a50dc4be-053d-490e-aaa0-bbcfb791dfde	GET	/style.css	undefined
05.03.2025	 02.03.04	5c770b32-4313-4ac8-b3d7-6d57dadb9349	GET	/style.css	undefined
05.03.2025	 02.03.05	0cc2202f-ee24-46c4-bab7-70822f80900f	GET	/favicon.ico	undefined
05.03.2025	 13.17.11	49bcce1f-c0d2-41e0-8651-e87df8ae0667	GET	/	undefined
05.03.2025	 13.17.11	4b60393b-3ba8-4bbe-b39f-89fc7ccc26f0	GET	/style.css	undefined
05.03.2025	 13.17.11	015f220b-bf28-4c41-8858-3db6e3377415	GET	/style.css	undefined
05.03.2025	 13.17.12	640fc58d-7133-45e7-bb42-129934607499	GET	/favicon.ico	undefined
05.03.2025	 13.20.18	99ac265c-4009-4a39-b47d-98c7bfd00c0a	GET	/	undefined
05.03.2025	 13.20.18	4c47a23c-c85f-4019-a8c1-ddd35ec36e35	GET	/style.css	undefined
05.03.2025	 13.20.18	55698d13-84b3-4f1c-87a8-2b1934e83a7a	GET	/style.css	undefined
05.03.2025	 13.20.26	af9c15a1-1637-40a3-9064-1b2f1b8723bd	GET	/	undefined
05.03.2025	 13.20.26	187f10cd-c93d-427d-901c-8df0c99cbccd	GET	/style.css	undefined
05.03.2025	 13.20.53	7fc8e337-8e97-434c-bcc2-4261c534497c	GET	/	undefined
05.03.2025	 13.20.53	0ba04bc8-eef7-43c1-b17d-fe33cd6e24bd	GET	/style.css	undefined
05.03.2025	 13.20.53	66ed28f3-af2a-4aca-858f-c6bcc226b49e	GET	/style.css	undefined
05.03.2025	 13.21.22	ddbb28c2-6a86-4703-a995-a2e489b45f25	GET	/	undefined
05.03.2025	 13.21.22	108d8234-0e12-4f27-b8d0-0c5e61eb5654	GET	/style.css	undefined
05.03.2025	 13.22.00	98bab056-4b57-43fe-b3db-111d1d4bcb79	GET	/	undefined
05.03.2025	 13.22.00	d1b15c1c-1d11-4db3-9477-cd267d860517	GET	/style.css	undefined
05.03.2025	 13.25.22	6ac8cbe9-f87a-413f-a2e5-d4bf3fbfbc45	GET	/	undefined
05.03.2025	 13.25.22	01971747-4c46-42c4-9ff8-b90cd898bafa	GET	/style.css	undefined
05.03.2025	 13.25.22	4790829e-ce87-4df3-80d9-70bcab870279	GET	/style.css	undefined
05.03.2025	 13.26.53	9660d555-27c6-4cdd-aed7-1a2b88f6cde5	GET	/	undefined
05.03.2025	 13.41.35	886ac1d1-0888-4329-b0f7-35439ba30853	GET	/	undefined
05.03.2025	 13.41.44	1b786cc5-7d41-4f17-b404-035860a2cf13	GET	/buttons.html	undefined
05.03.2025	 13.52.56	ba407621-096f-4d6d-8bd5-e277813fe591	GET	/	undefined
05.03.2025	 13.53.07	5caf2105-6ab1-4c15-ad81-bd99dfc1c14a	GET	/	undefined
05.03.2025	 13.55.47	2f0844ca-752e-43eb-a96d-52a31267a85e	GET	/	undefined
05.03.2025	 13.55.51	bfc448d1-7dc6-466e-8e70-ecf5103c9a4e	GET	/login.html	undefined
05.03.2025	 13.58.18	b685b42c-efd5-4ed2-ac78-ad19a349d9ca	GET	/api/auth/login	undefined
05.03.2025	 13.58.18	bc9619bf-7695-4a9a-adf9-5006bb99b88d	GET	/api/auth/vendor/fontawesome-free/css/all.min.css	undefined
05.03.2025	 13.58.18	85adc622-b775-40b1-a882-72412dec5327	GET	/api/auth/css/sb-admin-2.min.css	undefined
05.03.2025	 13.58.18	8bc6e8df-6b7a-4dcc-92b1-568f467fe25d	GET	/api/auth/vendor/jquery/jquery.min.js	undefined
05.03.2025	 13.58.18	097ebfe5-42d5-43d9-b8ed-eabdc06b9d87	GET	/api/auth/vendor/bootstrap/js/bootstrap.bundle.min.js	undefined
05.03.2025	 13.58.18	dfed7070-fc15-406b-888b-9ebffc311675	GET	/api/auth/vendor/jquery-easing/jquery.easing.min.js	undefined
05.03.2025	 13.58.18	bcef6493-d3b4-4131-9265-b7a6e9826509	GET	/api/auth/js/sb-admin-2.min.js	undefined
05.03.2025	 14.05.01	b5dbe8ea-1e1d-4d8d-8a0d-a9dc4db87ffc	GET	/index	undefined
05.03.2025	 14.06.14	9a32c7f0-ff35-422c-9e20-74979f468568	GET	/index	undefined
05.03.2025	 14.11.30	2708ec8a-76ca-47e2-9fb9-011ae694e8fb	GET	/index	undefined
05.03.2025	 14.11.47	2a68d356-1e23-42f5-a673-3790f44f632b	GET	/index	undefined
05.03.2025	 14.12.16	12dd0c64-047f-416a-bf5d-4842ae427ad4	GET	/index	undefined
05.03.2025	 14.12.46	b477042e-a7d0-4a5d-af02-17441afbd566	GET	/index	undefined
05.03.2025	 14.13.09	27acb8b5-29ec-47f9-8394-f34e5258923b	GET	/index	undefined
05.03.2025	 14.19.11	98da7891-99e3-458d-8600-0e61f432bcee	GET	/index	undefined
05.03.2025	 14.19.21	96c97909-b703-4dfc-9b3e-d8fc9d301703	GET	/index	undefined
05.03.2025	 14.19.21	7f67245e-6fcd-4840-ac04-9147e3a342e9	GET	/index	undefined
05.03.2025	 14.19.34	6aed7ddf-aaa0-4f8c-bbf5-5877f50eb614	GET	/index	undefined
05.03.2025	 14.19.35	1820bfc7-a0a9-458a-a75b-71f8a2e90885	GET	/index	undefined
05.03.2025	 14.20.02	dc73b8da-4cb3-4a4d-9d63-e36a8f24e7fa	GET	/index	undefined
05.03.2025	 14.20.05	cc3f58c7-fe6c-458e-8782-3d856f4ab4df	GET	/	undefined
05.03.2025	 14.20.33	6ea6d6f8-3465-4a24-a94c-fca2314caf15	GET	/pass-forget	undefined
05.03.2025	 14.23.34	78cf270f-e22d-4329-8f4d-f1fadb6a8df0	GET	/pass-forget	undefined
05.03.2025	 14.23.38	57f4367f-aea7-451e-b406-4d42a78eaef7	GET	/	undefined
05.03.2025	 14.30.24	cd1edcf7-d10f-4f7f-aee2-4e8ce339c2ae	GET	/index	undefined
05.03.2025	 14.30.27	84cf906a-f31d-45cc-9400-79772afdefc6	GET	/	undefined
05.03.2025	 14.31.12	b7e1d817-9281-4bee-af87-109eb8fda7dd	GET	/	undefined
05.03.2025	 14.31.17	14fe1a63-c5b1-4285-bbd6-ed5421c0bad3	GET	/	undefined
05.03.2025	 14.31.23	9501670d-dc87-49e4-bdda-c67c3ff5357f	GET	/index	undefined
05.03.2025	 14.31.35	c4fdd6e1-1065-4c45-bb20-6d8be59448b4	GET	/index	undefined
05.03.2025	 14.31.36	a4bda8f1-cf30-4c6c-8e85-cdd33843948b	GET	/	undefined
05.03.2025	 14.31.41	83baccf2-1229-49c2-929d-fc1654eba873	GET	/login.html	undefined
05.03.2025	 14.32.41	a424c446-d355-4648-89bd-6c528ef985b6	GET	/blank	undefined
05.03.2025	 14.40.28	d599420d-e094-483b-9ab4-2f9e8899e627	GET	/blank	undefined
05.03.2025	 14.40.37	59662e05-e0aa-476a-b158-be3af6e06fa5	GET	/login.html	undefined
05.03.2025	 14.40.40	83281bf3-a2ac-42ae-9739-187cb51bc67d	GET	/404.html	undefined
05.03.2025	 14.47.13	16672abd-a5a0-4be8-b97e-f55530384d45	GET	/blank	undefined
05.03.2025	 14.47.19	8890a133-0351-46f6-ab6c-4d8271cb57ed	GET	/blank	undefined
05.03.2025	 14.47.40	6d414fde-f153-4364-8d80-851d962cccb9	GET	/blank	undefined
05.03.2025	 14.47.43	247b71b1-edc9-4548-9b2c-3b76ab8afb31	GET	/register.html	undefined
05.03.2025	 14.49.06	992c0019-2655-4afa-87a2-776e4f1b2576	GET	/blank	undefined
05.03.2025	 14.49.08	1a93a2e1-7e61-43ec-8a51-085a4e08b3a1	GET	/blank	undefined
05.03.2025	 14.49.30	01931ea3-7c02-4fbe-b8b2-af98f3f64f88	GET	/blank	undefined
05.03.2025	 14.49.50	49907fb4-ad43-480c-86e2-56591564177d	GET	/blank	undefined
05.03.2025	 14.49.58	c97c3c26-1d40-4a2b-9359-40b3f9b25bba	GET	/blank	undefined
05.03.2025	 14.51.09	57279ff1-5af1-41f9-b0fb-7e1237e59621	GET	/index.html	undefined
05.03.2025	 14.51.23	dcc1405c-23ac-4baf-a53b-af201ea7af92	GET	/index.html	undefined
05.03.2025	 14.51.30	4174be72-2c52-4180-ac92-ad57a5912041	GET	/blank	undefined
05.03.2025	 14.51.35	4021d605-19d1-442f-bc71-a9fe54719e17	GET	/index	undefined
05.03.2025	 14.51.42	872a9027-9f32-4909-85ea-8a9e47417c68	GET	/index	undefined
05.03.2025	 14.51.47	57686a54-6280-4c7e-b052-5ba3e75659d7	GET	/index	undefined
05.03.2025	 14.52.57	d720afe6-b2ce-411e-a352-bbecc90815e7	GET	/index	undefined
05.03.2025	 14.53.04	cf1ae34d-44ac-4d77-b2b3-84ee8a095188	GET	/login.html	undefined
05.03.2025	 14.54.34	7ed9d878-ae02-4d7e-8fbf-873a1a78ed9b	GET	/blank	undefined
05.03.2025	 14.55.30	a19c1fad-7522-472d-8f32-37bd3a573d70	GET	/blank	undefined
05.03.2025	 14.55.55	e9e6ec70-3197-47b9-ab12-50e8103e9a0a	GET	/blank	undefined
05.03.2025	 14.57.51	8f59217a-13e4-4e25-886f-84d5141a539c	GET	/blank	undefined
05.03.2025	 14.58.00	a05d9e04-4e10-4832-81ab-a2b333313a60	GET	/index.html	undefined
05.03.2025	 14.58.02	7cd4d910-7e20-46ea-b715-15dce0c45ddf	GET	/	undefined
05.03.2025	 14.58.23	7cfae975-79d9-4b71-ae87-359b054ca150	GET	/index.html	undefined
05.03.2025	 14.59.02	06f0b6a5-6671-4881-bc6d-b72de26d1692	GET	/blank	undefined
05.03.2025	 14.59.15	cb91e6b3-d0d3-4fef-ad11-2a7bf0cd46ec	GET	/	undefined
05.03.2025	 14.59.21	d1c46dae-c3a4-4c8e-9611-e82b015219da	GET	/	undefined
05.03.2025	 14.59.38	1675e349-ee55-4b89-820f-b0259076817f	GET	/	undefined
05.03.2025	 14.59.41	0bacd959-53f9-4d90-99c5-cbaee3d03aea	GET	/index.html	undefined
05.03.2025	 14.59.43	a79ce92b-8905-44ec-b5d0-58efc4c9c338	GET	/	undefined
05.03.2025	 14.59.58	88ac39d7-1882-45c8-ae2f-0a646c6b5b54	GET	/	undefined
05.03.2025	 15.00.18	df0e0943-fb21-48e8-84c0-0743c35c524d	GET	/	undefined
05.03.2025	 15.00.23	65bf74ce-5065-468b-8928-940954ade597	GET	/indx	undefined
05.03.2025	 15.00.26	c335cd13-c4da-4c94-86cd-27f9851e35ff	GET	/index	undefined
05.03.2025	 15.01.44	d09cf34a-24eb-4a70-8d61-62f05abd84e6	GET	/	undefined
05.03.2025	 15.01.48	b0a6dcda-4256-4dcf-a9e4-60949e794985	GET	/	undefined
05.03.2025	 15.01.50	bc65d31f-eea6-4b9f-8aa4-8fb047437ef1	GET	/	undefined
05.03.2025	 15.01.51	930b354b-8909-41c9-8cc8-14679ce1b567	GET	/	undefined
05.03.2025	 15.01.54	dd4419bb-1647-4869-bbdb-742ff4a0461b	GET	/index.html	undefined
05.03.2025	 15.01.59	5245287a-4749-4879-bb33-b7a85034406f	GET	/index.html	undefined
05.03.2025	 15.02.09	8716eb71-f1a4-440a-baea-b49bc6ae749d	GET	/index.html	undefined
05.03.2025	 15.02.10	60dea1dc-a473-453f-b157-4c952a64f0f2	GET	/	undefined
05.03.2025	 15.03.21	89327d00-d1bc-47fe-a480-502a14feddd1	GET	/blank	undefined
05.03.2025	 15.03.21	6d29d1f1-379b-4d07-8c24-cd88f6ad6a54	GET	/favicon.ico	undefined
05.03.2025	 15.03.25	90e5aa1c-52f4-470f-bd3b-5c830e68ee51	GET	/login	undefined
05.03.2025	 15.05.18	b0b08a1a-2802-42dc-9bfa-f17f4ae0195b	GET	/login	undefined
05.03.2025	 15.05.50	9dc38ccc-da8e-4a9d-a449-398333570284	GET	/blank	undefined
05.03.2025	 15.05.51	00072584-6476-4392-9ed2-661d21ec4940	GET	/	undefined
05.03.2025	 15.05.51	e2da6a30-2ed5-4878-bedb-a44bb3f224c9	GET	/index	undefined
05.03.2025	 15.06.57	9e75f4b3-5dbe-4a35-9696-5ad89e9cfb91	GET	/	undefined
05.03.2025	 15.06.57	7f27153b-c3d8-4a75-8495-921054d4a42f	GET	/index	undefined
05.03.2025	 15.08.03	a4a27ff0-7271-420c-acbf-72c372194f0e	GET	/home	undefined
05.03.2025	 15.08.40	c777251a-f693-496e-8415-017e9eb23dd9	GET	/home	undefined
05.03.2025	 15.09.04	c0bbc738-4174-48f3-85eb-3d7461d36f97	GET	/blank	undefined
05.03.2025	 15.09.05	ff117b78-afb2-4a2d-9b58-c13f6586c1f7	GET	/home	undefined
05.03.2025	 15.09.07	0382bd91-9714-4718-988f-4df26239e019	GET	/home	undefined
05.03.2025	 15.09.44	1c425e36-8591-4041-99a4-9e20bf3430ac	GET	/index.html	undefined
05.03.2025	 15.10.04	45061c9f-a456-4d86-8400-58c87374ccc3	GET	/blank	undefined
05.03.2025	 15.10.06	73967cfd-047c-4f0c-a663-003bc95442d9	GET	/home	undefined
05.03.2025	 15.10.09	37752176-6b11-4311-924e-d5cda27b6019	GET	/blank	undefined
05.03.2025	 15.10.12	96784732-0bcd-44ba-ada2-895e0146005a	GET	/blank	undefined
05.03.2025	 15.10.16	f6acec2b-d6ce-4b60-be1b-83db8adebb1a	GET	/home	undefined
05.03.2025	 15.10.19	b917500b-9a93-4ecb-8267-79e6c3f67707	GET	/index.html	undefined
05.03.2025	 15.10.21	26cf3749-ad3b-493e-b64c-24a52653dfb0	GET	/index.html	undefined
05.03.2025	 15.10.28	33d58bd8-3436-4af0-9710-fba2133519aa	GET	/utilities-color.html	undefined
05.03.2025	 15.11.15	cd49eaac-65f3-4244-8655-0878b7219d0f	GET	/utilities-border.html	undefined
05.03.2025	 15.12.58	4483f32b-54c7-41ef-bbb8-ffb82786ec47	GET	/blank	undefined
05.03.2025	 15.13.00	75a9816f-68ec-4491-b6b3-ad727a773430	GET	/blank	undefined
05.03.2025	 15.13.02	3dd49edc-01ff-4679-b639-9cc680e2cc05	GET	/blank	undefined
05.03.2025	 15.13.03	ed1d4d32-4ac3-4e7f-9c02-ba6d45baeb0f	GET	/forgot-password	undefined
05.03.2025	 15.13.06	e5abc3a6-a7be-4ccb-8862-18ddc2be4f6b	GET	/forgot-password	undefined
05.03.2025	 15.13.43	413c9ccf-fc35-4a4d-976c-4a0de976a750	GET	/forgot-password	undefined
05.03.2025	 15.13.45	5b8f17ed-5304-45cc-a367-af24e137fb78	GET	/forgot-password	undefined
05.03.2025	 15.13.55	eee249e9-edf7-46b3-b951-c261ce241be4	GET	/forgot-password	undefined
05.03.2025	 15.14.07	d806dfe6-3d4b-4f21-bf8b-a7ebebb684b4	GET	/blank	undefined
05.03.2025	 15.14.08	975538d5-d0b7-467b-8a8e-572593e584ac	GET	/tables	undefined
05.03.2025	 15.15.06	23809be2-a463-4034-bf23-2c6d96849869	GET	/blank	undefined
05.03.2025	 15.15.11	6c15b6d8-fefb-4895-89aa-6b96b0a56556	GET	/tables	undefined
05.03.2025	 15.16.21	4ae0756a-d9e6-4c28-ad65-903384dbf72f	GET	/tables	undefined
05.03.2025	 15.16.28	f6c5690a-433e-4f29-9a97-78943a324e9a	GET	/tables	undefined
05.03.2025	 15.16.29	a6a15967-09f8-48f8-8b97-6a2647f03d9c	GET	/favicon.ico	undefined
05.03.2025	 15.17.14	4e7b1b66-a483-4c62-94d9-b0f056b4155f	GET	/tables	undefined
05.03.2025	 15.17.22	e3a1fa16-83ed-4a5a-b19d-b9118626fcde	GET	/index.html	undefined
05.03.2025	 15.20.36	8536f150-897b-45ab-9105-d75f123b5e48	GET	/index.html	undefined
05.03.2025	 15.20.42	493a1256-8529-42ac-a77c-14d80506abce	GET	/blank	undefined
05.03.2025	 15.20.43	0db80c2f-d726-4f26-8108-c0768d65a4e0	GET	/home	undefined
05.03.2025	 15.20.45	4445c41c-4925-4e62-8263-5c4bf78eef2b	GET	/home	undefined
05.03.2025	 15.21.02	8e105850-a8cb-4e24-a879-079ad8c74132	GET	/home	undefined
05.03.2025	 15.23.36	46f2044e-849e-4596-95f4-e89e3b8ad1f8	GET	/home	undefined
05.03.2025	 15.23.52	73a0c59a-cf61-4512-b9eb-9a7d7952309e	GET	/home	undefined
05.03.2025	 15.25.19	fd672cf8-01f3-4cb9-978f-241e5a6afc4f	GET	/home	undefined
05.03.2025	 15.25.21	4972377b-9de8-4d19-aa0f-c029f34363a0	GET	/register	undefined
05.03.2025	 15.25.25	666ca24b-7f38-4c09-bb38-557684350146	GET	/home	undefined
05.03.2025	 15.25.44	9ea480bf-b7e8-46a2-a5a3-20a99abfe310	GET	/home	undefined
05.03.2025	 15.25.48	b2526d66-9c39-41f3-96b0-c85522436f00	GET	/home	undefined
05.03.2025	 15.25.49	baba6100-5961-40dd-971a-fea8e7936b6f	GET	/home	undefined
05.03.2025	 15.25.51	9eaa39f1-52fc-485d-9aff-063ec679b133	GET	/home	undefined
05.03.2025	 15.25.51	62cdfcb0-51e6-4f68-807d-795789ad0801	GET	/home	undefined
05.03.2025	 15.25.51	a6004ad3-2479-435d-bbba-7be27a47b8a0	GET	/home	undefined
05.03.2025	 15.25.52	31f9f025-2854-4fa9-a1d8-cfb0d956e7da	GET	/home	undefined
05.03.2025	 15.26.03	af208977-e17a-4ee3-be86-2ee8172f57b5	GET	/home	undefined
05.03.2025	 15.26.43	878fa451-6ff2-4314-b4b8-a4785e5c839c	GET	/home	undefined
05.03.2025	 15.26.45	1a107037-53e6-440a-acc0-980d0726a71f	GET	/home	undefined
05.03.2025	 15.26.55	4dcd4a94-b43c-4594-ba47-3a2b64b5f222	GET	/home	undefined
05.03.2025	 15.26.58	6dd5fede-9de0-4509-9c55-56e46f96b938	GET	/blank	undefined
05.03.2025	 15.28.25	892080ae-8259-4040-bf52-9d8d456e8d5f	GET	/home	undefined
05.03.2025	 15.28.27	6340a188-64c1-43e9-b56f-895d73a59f19	GET	/blank	undefined
05.03.2025	 15.28.29	30d983b5-b5f5-48da-9ac9-0e2a3ab449b6	GET	/blank	undefined
05.03.2025	 15.28.30	3f400b5e-4df7-4b71-b6e9-7c279fd4d094	GET	/blank	undefined
05.03.2025	 15.28.31	4f334ae8-a105-4e0e-a5ee-21c2ba2e8361	GET	/blank	undefined
05.03.2025	 15.28.34	0b9b69d2-7089-4072-bd3f-fadb0b6a34f8	GET	/home	undefined
05.03.2025	 15.29.17	39db063f-e629-4ab2-ab5b-539b1abe7d4d	GET	/blank	undefined
05.03.2025	 15.31.12	c9b39a9e-37cd-4386-943e-072af873158a	GET	/blank	undefined
05.03.2025	 15.31.30	13e650c1-00a4-4e76-a79d-2814d8cb4f6f	GET	/blank	undefined
05.03.2025	 15.31.45	877e82cd-093c-46a9-80a5-987bc77f7947	GET	/blank	undefined
05.03.2025	 15.33.15	73b86dbb-41de-4055-a38d-19cab45f71f6	GET	/blank	undefined
05.03.2025	 15.33.51	041fb500-1b5d-4225-8b48-20986f40656a	GET	/blank	undefined
05.03.2025	 15.33.52	13328503-8da0-43bc-a227-bec4dcc2b8fb	GET	/blank	undefined
05.03.2025	 15.34.09	8faf17b0-78c6-4ff0-a2a0-8961598c0493	GET	/blank	undefined
05.03.2025	 15.34.21	83024c6f-8373-4eaa-8a5c-423cac71baf8	GET	/login.html	undefined
05.03.2025	 15.34.56	665cabc6-c4d3-4952-8743-b130732ea66a	GET	/blank	undefined
05.03.2025	 15.35.02	d2ca9de2-9922-445c-9b94-f084d874ebc5	GET	/home	undefined
05.03.2025	 15.35.18	d8b64107-fc45-4545-a9a9-f0ff06356d2e	GET	/home	undefined
05.03.2025	 15.35.20	431c5911-79fe-4f1f-a806-5cb3a83add6c	GET	/login	undefined
05.03.2025	 15.38.30	700f26b3-8c35-4343-94f6-409c9d23fbce	GET	/tables	undefined
05.03.2025	 15.38.55	26b7120e-a8bf-41c9-b60d-f3bf3537c269	GET	/tables	undefined
05.03.2025	 15.38.58	fdf8f682-ae9f-46c9-a778-13e1c9ae5dbf	GET	/tables	undefined
05.03.2025	 15.39.13	80da903f-996d-474a-b423-64c6b2577389	GET	/tables	undefined
05.03.2025	 15.39.18	27ae4722-8b02-4c58-831c-ae70cf56f014	GET	/tables	undefined
05.03.2025	 15.39.20	45f111f8-38ec-41c8-bdf9-9ea401b2c2f5	GET	/blank	undefined
05.03.2025	 15.39.22	09d04edb-1112-4b3f-b497-8e24feaeba16	GET	/login	undefined
05.03.2025	 15.39.26	d854c8ef-4bdc-4a73-bcec-9fbe3090e33c	GET	/blank	undefined
05.03.2025	 15.39.27	3458719c-0ac4-4342-a523-3eebdab30946	GET	/blank	undefined
05.03.2025	 15.39.28	b8697ea3-159b-4afd-8d11-1fb67402dbd1	GET	/home	undefined
05.03.2025	 15.39.30	ca5720e7-f5bc-433b-aa31-d46afcf5f3a0	GET	/login	undefined
05.03.2025	 15.39.55	4bbf6ecd-7881-4195-b755-c24bf0420a5c	GET	/login	undefined
05.03.2025	 15.49.15	d1648332-ecc3-46eb-8a49-d682a0dd6fff	GET	/login	undefined
05.03.2025	 15.49.30	9ff58e44-e38a-4916-a40e-038ec2bdd3ca	GET	/login	undefined
05.03.2025	 15.49.40	8027b066-ab25-4a22-a722-0ac3762e3b98	GET	/login	undefined
05.03.2025	 15.49.48	5403d26b-9d6f-41a5-9606-d42f7d70d01d	GET	/login	undefined
05.03.2025	 15.49.55	927cc54e-518a-4cd8-878a-0f2bb6a793b7	GET	/login	undefined
05.03.2025	 15.50.06	20c89454-8206-40ee-b4e1-7d704d1c35b6	GET	/login	undefined
05.03.2025	 15.50.13	27005c4b-a2fd-4731-b8e5-ad3e8e443964	GET	/login	undefined
05.03.2025	 15.50.26	011875d1-6ca0-4bfa-90a3-521c5cb15dae	GET	/login	undefined
05.03.2025	 15.50.31	4f25dc91-4588-497c-a8fe-9bef8c374e5a	GET	/login	undefined
05.03.2025	 15.50.37	9d13c926-a8f7-41d0-8a09-ed310e1ced37	GET	/login	undefined
05.03.2025	 15.50.58	0babba7d-bb8d-42d7-8a0b-f4a6c472f11d	GET	/login	undefined
05.03.2025	 15.51.18	b16d8d97-2f89-4de8-8ecf-48ee3a93f8eb	GET	/register	undefined
05.03.2025	 15.51.22	b6105506-01ef-46c1-9e06-833df9144ffe	GET	/register	undefined
05.03.2025	 15.52.09	583a5167-2c9f-42f2-84e2-52840c359060	GET	/login.html	undefined
05.03.2025	 15.52.18	c9817811-6a40-4c81-b1cc-4188414dc13c	GET	/login	undefined
05.03.2025	 15.53.08	367936ab-af07-4f4d-bf75-80ef23581f14	GET	/login	undefined
05.03.2025	 15.53.13	ff29fd30-c5e9-4896-a7df-6f0db5ca9a20	GET	/register	undefined
05.03.2025	 15.53.16	b3de0d47-6e7d-4253-b7a1-2612cff1b124	GET	/forgot-password.html	undefined
05.03.2025	 15.53.21	d63cafb9-2c6f-40da-b92b-34056bd35bf7	GET	/forgot-password	undefined
05.03.2025	 15.53.41	19c8d48e-7b74-4179-a243-b592609ddb14	GET	/forgot-password	undefined
05.03.2025	 15.53.50	0f12d366-488c-4d6c-88ff-4f5c235fe305	GET	/forgot-password	undefined
05.03.2025	 15.54.06	d7159575-447f-4f79-9171-c8307ff4e837	GET	/forgot-password	undefined
05.03.2025	 15.54.16	b43f42fa-9063-48e6-a618-90d2c22f44ff	GET	/login	undefined
05.03.2025	 15.54.39	0bc766be-8f78-4744-b4a4-d5e536b26a28	GET	/login	undefined
05.03.2025	 15.55.29	cc4c7146-62aa-42fb-a17d-4b9895d8a181	GET	/login	undefined
05.03.2025	 15.55.48	940cf73e-c45c-4581-bb8e-c9400b4fc6f2	GET	/login	undefined
05.03.2025	 15.55.57	4e28b752-e8e0-4368-b644-86dc637e390f	GET	/login	undefined
05.03.2025	 15.56.22	7f2b7251-5f36-4c01-aa6d-ce93004ea707	GET	/login	undefined
05.03.2025	 16.00.36	9f809c47-7ac3-4116-8554-3fdf13c925d9	GET	/login	undefined
05.03.2025	 16.02.39	24451c21-1a22-4047-8350-6b901f7c5450	GET	/login	undefined
05.03.2025	 16.02.42	e18c60ca-384c-401f-bc2a-0aed255f5118	GET	/login	undefined
05.03.2025	 16.02.42	775f9394-5402-46c8-add7-1b5ba5f9a3a8	GET	/favicon.ico	undefined
05.03.2025	 16.05.24	3b170c37-8fb0-4139-8bbe-fecbba66b08e	POST	/login	http://localhost:5000
05.03.2025	 16.06.16	4f97000e-3df7-431f-9b91-9f2b22287ffd	POST	/login	http://localhost:5000
05.03.2025	 16.06.19	0375eb1e-0306-4307-b547-ec2e723e2e8b	GET	/login	undefined
05.03.2025	 16.06.20	fdc855ab-ba9d-43da-9bf2-ef5529986da1	GET	/favicon.ico	undefined
05.03.2025	 16.06.23	638d4f5d-57e1-4ecf-a457-bf9fa65d5645	POST	/api/auth/login	http://localhost:5000
05.03.2025	 16.06.29	52e69348-7d02-4ff3-a0c0-ac78261e10de	POST	/api/auth/login	http://localhost:5000
05.03.2025	 16.06.34	23fd5d95-a8f0-4ccd-b0fb-a0df37541643	POST	/api/auth/login	http://localhost:5000
05.03.2025	 16.06.48	e2b61268-0608-4e8e-acec-25742d3f098c	POST	/api/auth/login	http://localhost:5000
05.03.2025	 16.08.57	a1ff7b43-543b-4ae4-ae36-26d53ffb9e87	POST	/api/auth/login	http://localhost:5000
05.03.2025	 16.11.28	6f32c9df-44c6-439c-b972-aded2dd568d2	POST	/api/auth/login	http://localhost:5000
05.03.2025	 16.11.44	94716048-ced6-48de-8939-405a0a49c15f	POST	/api/auth/login	http://localhost:5000
05.03.2025	 16.11.44	85c34725-7051-441b-8845-146c512661be	GET	/home	undefined
05.03.2025	 16.11.46	24ecf134-c073-4353-a9f5-8c78aa892ca7	GET	/home	undefined
05.03.2025	 16.11.48	d0672cdd-2e16-4e1d-9b93-7ff0eefd4121	GET	/blank	undefined
05.03.2025	 16.11.49	da30c13b-3d6e-4b0d-94c7-22b393553631	GET	/register	undefined
05.03.2025	 16.11.54	1c6ddba5-64b0-44fc-8e85-62d2bfef7819	GET	/blank	undefined
05.03.2025	 16.12.08	652c440c-ac60-4820-905d-6ae97138e217	GET	/login	undefined
05.03.2025	 16.14.23	b23344b4-538b-445f-a12b-5f721c23d711	POST	/api/auth/login	http://localhost:5000
05.03.2025	 16.14.29	cca9c537-0e4f-4704-8fe3-1c536e98494d	POST	/api/auth/login	http://localhost:5000
05.03.2025	 16.14.29	4781c334-d89e-47f6-a0f7-7449b159ed16	GET	/home	undefined
05.03.2025	 16.14.32	88205825-e05b-4eed-99b7-099e366cda25	GET	/login.html	undefined
05.03.2025	 16.15.57	d510e4c9-4802-48c3-9de3-c3a9c9b4cdcb	GET	/home	undefined
05.03.2025	 16.16.00	79f27dcf-8384-4a52-a49f-24168bd48f1c	POST	/api/auth/login	http://localhost:5000
05.03.2025	 16.16.00	b840049e-a2e9-45ac-8f78-bbc2ffd6d69a	GET	/home	undefined
05.03.2025	 16.16.03	2574475a-a1a4-432f-85e5-4b43cde3130f	GET	/login.html	undefined
05.03.2025	 16.18.40	692e08c9-aa8b-4e82-ba5a-7f2241ef3da2	GET	/home	undefined
05.03.2025	 16.18.43	35dd896f-5b80-4779-9af8-963866e97638	POST	/api/auth/login	http://localhost:5000
05.03.2025	 16.18.43	0335e757-11b4-4c79-ab3f-96b43723c166	GET	/home	undefined
05.03.2025	 16.18.48	c12e9d33-19a3-4fc7-83de-1e1ab0b21404	GET	/login.html	undefined
05.03.2025	 16.19.26	8e9190f3-7ae3-4206-a497-1efb97ac5204	GET	/home	undefined
05.03.2025	 16.19.48	ca6d0d85-43c6-432c-abc1-87582506806a	GET	/home	undefined
05.03.2025	 16.19.50	7908c5dc-dd47-4027-85e8-d8ecb66c3b67	GET	/home	undefined
05.03.2025	 16.19.52	f4a1f093-758e-4a00-9862-2cbb30e46e22	POST	/api/auth/login	http://localhost:5000
05.03.2025	 16.19.53	916979e1-5c3f-4284-8802-03faab382456	GET	/home	undefined
05.03.2025	 16.23.57	bce74759-dc00-4362-aef2-05a28bd629cf	GET	/home	undefined
05.03.2025	 16.23.59	23afc859-935d-41c8-83da-16706864947b	GET	/home	undefined
05.03.2025	 16.24.01	eeb35914-298c-4b03-8a85-4c124487f32d	POST	/api/auth/login	http://localhost:5000
05.03.2025	 16.24.01	7a029c33-126e-480b-a4a6-cc6769d9693c	GET	/home	undefined
05.03.2025	 16.24.05	dbb70385-66e8-470c-891d-7de4af5f17e7	POST	/api/auth/logout	http://localhost:5000
05.03.2025	 16.26.44	0510804f-cc7e-4bf5-b8fa-5b5a0b5c9834	POST	/api/auth/logout	http://localhost:5000
05.03.2025	 16.26.57	a08d1ea0-59c6-4ead-914c-a20a7f518e3f	GET	/home	undefined
05.03.2025	 16.51.53	b4238044-8e83-4cd7-9c18-068ca90f9f07	GET	/api/users/	undefined
05.03.2025	 16.52.24	3c908e74-ea45-45dc-af91-5d3e5ccbaeea	POST	/api/auth/login	undefined
05.03.2025	 16.52.24	48c6d5a5-6675-484c-adbd-83f4c808d32c	GET	/home	undefined
05.03.2025	 16.52.28	7e9ec9db-af1e-4f21-9a2f-c95e2501c6fa	POST	/api/auth/login	undefined
05.03.2025	 16.52.29	8b1c397d-bbde-4193-ad3f-a3c04f3e7f94	GET	/home	undefined
05.03.2025	 16.52.59	aaef9e77-4ff5-493e-8505-6515bdbcec11	GET	/api/users/	undefined
05.03.2025	 16.53.17	19a6f3da-04eb-4e43-a343-b8f090060f38	GET	/api/meals/day	undefined
05.03.2025	 16.53.26	19cc7f42-a231-4f1a-a9df-c8122908f757	GET	/api/meals/week	undefined
05.03.2025	 16.53.37	4362b413-6268-4845-9ef8-78eaa139294d	GET	/api/meals/	undefined
05.03.2025	 16.53.51	87c8994f-c70b-41cb-a324-549a389b035b	GET	/api/comment	undefined
05.03.2025	 16.53.56	f839fabb-67ed-497a-984c-f71ef033762d	POST	/api/auth/login	undefined
05.03.2025	 16.53.56	1ce1f884-8665-467a-b9b9-816ff0366ad7	GET	/home	undefined
05.03.2025	 16.54.00	1f6c968c-3173-42ca-8c7a-c8457fc6f0af	GET	/api/comment	undefined
05.03.2025	 16.54.40	5df8277c-a02c-4b96-8865-d281058fcfe0	POST	/api/comment/	undefined
05.03.2025	 16.55.08	aaa72669-2f90-4193-964f-9f0a78e1cba0	POST	/api/auth/register	undefined
05.03.2025	 16.55.52	3f92f4f7-c29c-4d89-9035-7d3a38dca09f	POST	/api/auth/register	undefined
05.03.2025	 16.56.32	ce635119-baa8-4985-8dab-255e71d64720	POST	/api/auth/login	undefined
05.03.2025	 16.57.03	5c0703ba-b271-48bb-9892-053811fbbf7c	POST	/api/auth/login	http://localhost:5000
05.03.2025	 16.57.03	647c36b9-ed5d-41c6-a6d8-5d20493e692c	GET	/home	undefined
05.03.2025	 16.57.09	28c1b58d-611c-476f-80cf-688dc15943b7	GET	/blank	undefined
05.03.2025	 16.57.10	2a7b1fe5-23ce-40f1-af46-baa39f6fc39b	GET	/blank	undefined
05.03.2025	 16.57.12	0110f724-6266-4a8c-863d-b0982fc44fb8	GET	/register	undefined
05.03.2025	 16.57.15	5b13e207-1c96-4896-8776-0cefbe00ddeb	GET	/404	undefined
05.03.2025	 16.57.54	5fe11b84-eca7-45f6-a0ac-3d053b3c880a	POST	/api/auth/login	undefined
05.03.2025	 17.01.26	0de072be-1b0b-4e07-b8d1-139f04a8b455	GET	/blank	undefined
05.03.2025	 17.03.49	b913a558-7ca2-4910-8830-9cbae6d46420	GET	/blank	undefined
05.03.2025	 17.03.59	2c5a49c4-981a-4cb3-a30c-ed2278651dee	GET	/mustafa/ahmet	undefined
05.03.2025	 17.04.31	a3defdb8-b3f7-4822-ae33-03e0888caa63	GET	/mustafa/ahmet	undefined
05.03.2025	 17.04.31	005dec56-62aa-4f5a-bcf7-51851ca8c978	GET	/mustafa/vendor/fontawesome-free/css/all.min.css	undefined
05.03.2025	 17.04.31	2cd04a65-9f79-45cd-a7cd-306414b45daf	GET	/mustafa/img/undraw_profile_1.svg	undefined
05.03.2025	 17.04.31	72d61fd9-968a-4aaf-9179-2d8756087f4a	GET	/mustafa/img/undraw_profile_3.svg	undefined
05.03.2025	 17.04.31	348d380f-9a17-4a16-9430-951b5d5b3fea	GET	/mustafa/img/undraw_profile_2.svg	undefined
05.03.2025	 17.04.31	fff82be5-fe5c-4e9d-9f90-0c08c1a1e094	GET	/mustafa/img/undraw_profile.svg	undefined
05.03.2025	 17.04.46	9a56f99e-7c90-42ff-b1dc-c5fc15bc8a99	GET	/mustafa/vendor/fontawesome-free/css/all.min.css	undefined
05.03.2025	 17.05.21	60f32e45-d37e-46ee-a24d-156c8b18ae97	GET	/mustafa/ahmet	undefined
05.03.2025	 17.06.33	6d77c09c-ec9a-4b6c-9d4f-2a2f502eced0	GET	/login	undefined
05.03.2025	 17.07.00	6b8ec537-0033-4139-853b-4d3b4c78e09d	POST	/api/auth%20/login	http://localhost:5000
05.03.2025	 17.07.05	2156ec1f-e965-4722-8f5c-24601959da45	POST	/api/auth%20/login	http://localhost:5000
05.03.2025	 17.07.27	78012be1-2858-4500-9379-d89447130ec4	POST	/api/auth%20/login	http://localhost:5000
05.03.2025	 17.07.37	2e189c1e-9fd7-4305-abfc-2a9b409d5508	POST	/api/auth%20/login	http://localhost:5000
05.03.2025	 17.07.54	9be8bbe8-7e6c-45bb-a515-4d814f1a5ccb	POST	/api/auth%20/login	http://localhost:5000
05.03.2025	 17.07.59	9377b41e-6673-40c6-83f6-213a3ca0fae2	GET	/api/auth/login	undefined
05.03.2025	 17.07.59	3da61e8d-1ed2-4821-ae9a-8a10433a626b	GET	/api/auth/vendor/fontawesome-free/css/all.min.css	undefined
05.03.2025	 17.07.59	80434ed2-2412-4f97-8c88-831a14a7de66	GET	/api/auth/img/yeni-logo.png	undefined
05.03.2025	 17.07.59	78d46f44-9c2b-4ff3-af98-09eb787c8b40	GET	/api/auth/css/sb-admin-2.min.css	undefined
05.03.2025	 17.07.59	20a1b8ef-73df-4c72-bb87-6c72cf99d6a9	GET	/api/auth/vendor/jquery/jquery.min.js	undefined
05.03.2025	 17.07.59	0313733b-62fd-43ed-b660-ae1cf1ad7ac3	GET	/api/auth/vendor/bootstrap/js/bootstrap.bundle.min.js	undefined
05.03.2025	 17.07.59	e91cd0f7-de72-4460-b60a-9ac69a8c00fb	GET	/api/auth/vendor/jquery-easing/jquery.easing.min.js	undefined
05.03.2025	 17.07.59	27b487b6-a78d-4c61-b0e0-d5febdfdf8b9	GET	/api/auth/js/sb-admin-2.min.js	undefined
05.03.2025	 17.08.41	cf216a7e-91a8-4be4-a7fb-712fdc1a707b	GET	/	undefined
05.03.2025	 17.08.41	61ff0966-5e5e-47ef-a9e8-a555f9c3f99d	GET	/index	undefined
05.03.2025	 17.08.46	081e38ec-5145-4ea3-8dcf-2ad2870d1ea2	GET	/login	undefined
05.03.2025	 17.08.51	14e6e39e-e4ea-4709-a5a4-1045fec486ff	POST	/api/auth/login	http://localhost:5000
05.03.2025	 17.08.51	4becd00a-96c0-4056-bde5-5e7d39244394	GET	/home	undefined
05.03.2025	 17.08.57	f553d1bc-c1a2-40a4-9050-43f82b9f8900	POST	/api/auth/login	http://localhost:5000
05.03.2025	 17.09.12	8f5b4458-92c4-453d-8b89-bb161ed80a0b	POST	/api/auth/login	http://localhost:5000
05.03.2025	 17.10.18	a91f888b-c455-4406-9783-bd57b11550fc	POST	/api/auth/login	http://localhost:5000
05.03.2025	 17.10.27	9602ae3f-2e53-40f6-a909-0e9816a5707e	POST	/api/auth/login	http://localhost:5000
05.03.2025	 17.10.43	a3690375-009a-411f-98e3-9c56c92b93ae	POST	/api/auth/login	http://localhost:5000
05.03.2025	 17.12.25	98e9d549-a97a-4eab-a203-c0c0d393975e	POST	/api/auth/login	http://localhost:5000
05.03.2025	 17.12.26	bc9d6f5e-f1d2-4bfd-8b12-7dddc78dfef8	GET	/home	undefined
05.03.2025	 17.13.16	cac9f9c6-cf84-4ed3-9e83-a2a869193bf3	GET	/blank	undefined
05.03.2025	 17.16.25	46571fa4-7c00-4da1-a997-0f04387ad2d3	POST	/api/auth/login	http://localhost:5000
05.03.2025	 17.16.32	79f4033a-c6f5-45a3-a4ee-37c36b2ac449	POST	/api/auth/login	http://localhost:5000
05.03.2025	 17.16.41	c5b35f66-5518-45e5-92d3-95c3e1655ebf	POST	/api/auth/login	http://localhost:5000
05.03.2025	 17.19.36	c6e956fe-f983-4d54-83b6-6169166fe0b9	GET	/home	undefined
05.03.2025	 17.21.09	ffe0a716-55b0-4806-9421-96cd2097c81c	GET	/register	undefined
05.03.2025	 17.26.05	08580539-3666-4bc5-a208-8d41404fe5c7	GET	/register.html	undefined
05.03.2025	 17.26.17	6bdf9eaa-45a5-43bf-b1ba-b4de2ef1950b	GET	/register	undefined
05.03.2025	 17.26.28	7d8e9335-5c8c-4113-95ae-650cce25a971	POST	/api/auth/register	http://localhost:5000
05.03.2025	 17.26.41	6e92cc4a-4d7f-48a4-bb05-30ba32c1050d	GET	/forgot-password.html	undefined
05.03.2025	 17.26.44	0ce2cacf-d5c8-474d-ad56-4b32912e66b8	GET	/login.html	undefined
05.03.2025	 17.30.43	7a170a92-2ccd-4881-90be-288511ec506c	GET	/register	undefined
05.03.2025	 17.32.28	e01d9372-b237-4e20-a66c-0d9cd7768c59	GET	/register	undefined
05.03.2025	 17.32.33	f63525db-79dc-474c-a37e-4ccd035e7594	GET	/index.html	undefined
05.03.2025	 17.33.31	cdf176f5-1270-4ef9-9deb-42827f0de1dd	GET	/register	undefined
05.03.2025	 17.34.35	2fb71238-feaf-4dec-9379-90764805cc21	GET	/index.html	undefined
05.03.2025	 17.34.49	24552671-1430-4271-a0d9-226483229b0b	GET	/register	undefined
05.03.2025	 17.35.37	f90ec9a7-b746-41b2-b669-98fa79a5afcc	GET	/register	undefined
05.03.2025	 17.35.57	77691310-b0f9-43a3-a966-22d5bcd516f6	POST	/register	http://localhost:5000
05.03.2025	 17.36.13	06f3f53f-36fc-4257-bbb6-5389d8a21359	POST	/register	http://localhost:5000
05.03.2025	 17.36.34	a8f16fb6-5fd4-48cf-b0b6-1716f3a14b7a	POST	/register	http://localhost:5000
05.03.2025	 17.36.41	d86c357b-ce95-4006-bec4-7d104e5c7edf	POST	/register	http://localhost:5000
05.03.2025	 17.36.59	c12c6210-4aa1-4220-bf66-c6889fcf5f0f	GET	/register	undefined
05.03.2025	 17.37.03	c63eb728-ecb0-4bfb-90cd-58e2ba5de648	POST	/api/auth/register	http://localhost:5000
05.03.2025	 17.37.51	e92761a0-0465-45c3-bd8a-5056bd96214b	POST	/api/auth/register	http://localhost:5000
05.03.2025	 17.37.58	82a50244-3c61-4c24-ab3a-16d42f81ae55	GET	/blank	undefined
05.03.2025	 17.37.59	555eed61-6afc-44aa-aa5b-8c657751a840	GET	/blank	undefined
05.03.2025	 17.37.59	9ac9b029-7fea-46bf-8852-d5a401e7eabd	GET	/blank	undefined
05.03.2025	 17.44.12	4c119c66-7969-4020-91a0-a83550006948	GET	/home	undefined
05.03.2025	 17.44.16	0f113897-3a2f-45d2-a943-2404275a1ca9	GET	/blank	undefined
05.03.2025	 17.44.19	5f48f86d-f891-4ac9-8ae0-fef4742a9583	GET	/forgot-password	undefined
05.03.2025	 17.44.32	3164a59f-2ed5-47e7-9365-3c4c0a9c6521	GET	/blank	undefined
05.03.2025	 17.44.42	11202bf0-e3de-42fb-b801-16668f0146fd	GET	/home	undefined
05.03.2025	 17.44.46	109b3746-0339-4633-b84e-a2a1f9e74ce5	GET	/home	undefined
05.03.2025	 17.44.49	47c801e4-ba9b-4b68-8952-6f154067ecc0	GET	/blank	undefined
05.03.2025	 17.44.51	e88f6270-306a-401d-888c-1165e7e33852	GET	/home	undefined
05.03.2025	 17.44.54	3de955a0-db38-4daf-ba8c-1504d5553f09	GET	/login	undefined
05.03.2025	 17.44.59	31efe6da-6d5b-423f-a2df-04213ca942f8	POST	/api/auth/login	http://localhost:5000
05.03.2025	 17.44.59	14636682-d1e1-4a78-8e1d-6191b6297d16	GET	/home	undefined
05.03.2025	 18.00.43	f4016943-4837-4697-8041-d323656b13d7	GET	/profiles	undefined
05.03.2025	 18.01.01	2c427306-651e-433e-a304-56216e9ee997	GET	/profile	undefined
05.03.2025	 18.01.15	6895309e-9e79-4f90-80f1-65c6fe5f9e40	GET	/profile	undefined
05.03.2025	 18.01.24	10bb517b-1a09-4890-9891-412c2a3ffb52	GET	/blank	undefined
05.03.2025	 18.01.25	b15c2092-2e01-42d9-bf79-8bdce92667c5	GET	/blank	undefined
05.03.2025	 18.01.26	793e42bb-a2a1-4603-9897-2864a031e2d1	GET	/blank	undefined
05.03.2025	 18.01.26	e472abdf-f390-4e36-a59f-9f9aa8ceda71	GET	/blank	undefined
05.03.2025	 18.01.37	a283dc04-f4a2-4f15-bb3c-790bcd0dfc45	POST	/api/auth/logout	http://localhost:5000
05.03.2025	 18.01.48	9b632cb5-6158-4de5-bdbd-273581edd6ec	GET	/profile	undefined
05.03.2025	 18.02.01	5e0feff4-3529-42d6-aba5-9cfca81d23a7	GET	/profile	undefined
05.03.2025	 18.30.01	76d66abf-9f89-4d97-bb0d-823b997a8485	GET	/profile	undefined
05.03.2025	 18.41.21	9f7f07ce-1880-480a-8a9e-352e283e1dfc	GET	/login	undefined
05.03.2025	 18.41.31	728a9b5d-8761-4b31-985b-01422d3c1c0e	POST	/api/auth/login	http://localhost:5000
05.03.2025	 18.43.33	611b8ec0-1b3a-4dba-b8d4-541e38547b66	POST	/api/auth/login	http://localhost:5000
05.03.2025	 18.43.41	16b24521-d949-42f6-b2de-6c9906e368dd	POST	/api/auth/login	http://localhost:5000
05.03.2025	 18.43.44	1f14ba1f-5a3b-4d01-b3e3-92d167dc9cb9	GET	/login	undefined
05.03.2025	 18.43.48	14fd2ad9-cfb7-44d5-9350-0cad637b65c4	POST	/api/auth/login	http://localhost:5000
05.03.2025	 18.44.39	6ac0ade6-fab8-475a-ac51-ed1a34694dd3	POST	/api/auth/login	http://localhost:5000
05.03.2025	 18.44.40	e0d66cfd-0e39-4199-95fd-f3658cc8c64b	GET	/home	undefined
05.03.2025	 18.48.33	ceb289d8-34c0-4db9-a411-ceae48fdaa2a	GET	/home	undefined
05.03.2025	 18.48.36	824f5f40-5a53-446d-8eab-fb4d6348785f	POST	/api/auth/login	http://localhost:5000
05.03.2025	 18.48.36	287dcda1-c7af-4697-adb8-c08204fa6218	GET	/home	undefined
05.03.2025	 18.48.43	15a4a41c-7691-4f6b-96bb-6018bab240e4	GET	/home	undefined
05.03.2025	 18.49.11	ffc03de7-1abb-4ac1-b813-c0034c23e921	GET	/blank	undefined
05.03.2025	 18.49.15	b758cb4a-f5d6-474b-9b70-439e4fe0323d	GET	/blank	undefined
05.03.2025	 18.49.24	728aad13-aea8-4367-8793-e2bf202e1afa	GET	/blank	undefined
05.03.2025	 18.49.43	452951c1-dffb-460b-b451-37ef0cf904fa	GET	/blank	undefined
05.03.2025	 18.50.22	df4ee54c-2cf7-4386-97b2-3dd4a3c3d2a3	POST	/api/auth/login	http://localhost:5000
05.03.2025	 18.50.22	25295e49-65a3-4130-9e51-385399c12521	GET	/home	undefined
05.03.2025	 18.50.23	75ee9f8c-bb8a-4da7-bb26-b0ce8b191ad0	GET	/home	undefined
05.03.2025	 18.50.24	b908d90d-bf40-43e3-8b94-5986a40af34f	GET	/home	undefined
05.03.2025	 18.50.26	3b5d377d-ea3b-47b4-90c5-833a2ee951a9	GET	/blank	undefined
05.03.2025	 18.50.29	913e171e-ddee-4bef-997f-6679cad8861f	GET	/blank	undefined
05.03.2025	 18.50.47	14761438-0c74-4258-9204-8d83835989b8	GET	/blank	undefined
05.03.2025	 18.51.04	e67b8468-d02f-45f0-bf1d-d4121ffdcf5b	GET	/blank	undefined
05.03.2025	 18.51.18	681c7e47-aea3-4bb5-a244-f2bddc64f4b0	GET	/home	undefined
05.03.2025	 18.52.49	dcaea89d-500b-4254-8a08-3440da262075	GET	/profile	undefined
05.03.2025	 18.55.07	9927212b-e77e-41e0-9842-9eb9716510c6	GET	/home	undefined
05.03.2025	 18.55.10	3af6d43d-0992-41c5-866f-6efd9f998044	POST	/api/auth/login	http://localhost:5000
05.03.2025	 18.55.10	d38c66d4-7e27-498d-96ce-219b7d9aca8b	GET	/home	undefined
05.03.2025	 18.55.25	4eda8d6f-359c-4015-8bcd-1d7506f88e10	GET	/home	undefined
05.03.2025	 18.55.39	0ecbb9b9-4b5e-4a8e-9f4b-4153e0f16282	GET	/home	undefined
05.03.2025	 18.55.40	0d948e37-aeed-4087-8274-eb3f0c0f230c	GET	/blank	undefined
05.03.2025	 18.55.41	1c9a4cca-d277-4bf6-8e97-13d9e1d7cf20	GET	/tables	undefined
05.03.2025	 18.55.44	77c512cb-c819-4082-9af3-c01774c8aa49	GET	/blank	undefined
05.03.2025	 18.55.45	e5ea1553-6097-48bc-a949-a1fb9f88cfa3	GET	/blank	undefined
05.03.2025	 18.55.48	b23db62f-a81d-4b79-a647-449c0e49d541	GET	/home	undefined
05.03.2025	 18.55.59	7d82f2bf-06de-47b7-88e0-5e5ebb6d4883	GET	/blank	undefined
05.03.2025	 18.56.09	390262b0-5847-4fb9-a787-08d0ff23a533	GET	/blank	undefined
05.03.2025	 18.56.16	a110fd83-04ee-4016-b191-8357a7b3cd54	GET	/blank	undefined
05.03.2025	 18.56.20	3d1ab444-013e-43a8-b149-3bcadbd9176c	GET	/blank	undefined
05.03.2025	 18.57.22	cbd8b0ad-07e0-4410-b4a7-6be780d8bcfd	GET	/blank	undefined
05.03.2025	 18.57.24	08cb5fe4-f5cd-420b-b1fb-eb6efaf71f4f	GET	/blank	undefined
05.03.2025	 18.57.31	f2643ac9-e419-448b-ade6-4aa35a4c89b9	GET	/tables	undefined
05.03.2025	 18.58.39	d8e22dcc-55a9-4268-808b-9db6545a1627	POST	/api/auth/login	http://localhost:5000
05.03.2025	 19.03.21	1aac89d7-eb85-4653-8865-8565e22bb7ae	GET	/tables	undefined
05.03.2025	 19.03.22	45273301-b94f-4d0f-8b1e-8da4eb201e81	GET	/tables	undefined
05.03.2025	 19.03.54	4af31a7c-612a-4a64-b8cf-83737febfed5	GET	/tables	undefined
05.03.2025	 19.04.01	a4101dd5-c3e0-4946-96a2-435e7dd5b037	GET	/tables	undefined
05.03.2025	 19.04.17	2c62515e-16bb-4ecb-a5a2-c798139bc823	GET	/blank	undefined
05.03.2025	 19.05.05	7ceab191-c57f-4d00-8751-2b3b8ad979f8	GET	/blank	undefined
05.03.2025	 19.05.08	9c52160f-d4bc-41cb-94bd-6029d0031c8e	GET	/blank	undefined
05.03.2025	 19.05.10	55f9f0a2-3ee6-41af-a694-a3d7e8958387	GET	/login	undefined
05.03.2025	 19.05.14	abc9dea5-794f-489a-ac55-90999f365173	POST	/api/auth/login	http://localhost:5000
05.03.2025	 19.05.15	8a58bc6f-0f55-4520-b51f-2cc1cd7eb1dd	GET	/home	undefined
05.03.2025	 19.05.17	232bbbb9-812c-4a63-8d1a-7e397b1142ff	GET	/tables	undefined
05.03.2025	 19.07.54	74d71200-be3d-4910-a9ee-49edbdebf692	POST	/api/auth/login	http://localhost:5000
05.03.2025	 19.08.01	a2c7b933-9c9c-49bd-aca4-f24a04e54b3e	POST	/api/auth/login	http://localhost:5000
05.03.2025	 19.08.02	a30044d4-d399-463e-a905-0d8be5383dbd	GET	/home	undefined
05.03.2025	 19.08.03	0fbc0f4b-0533-473f-bb52-57eff35db93d	GET	/tables	undefined
05.03.2025	 19.08.13	854f9470-f920-403d-917b-3724eecf52a0	GET	/tables	undefined
05.03.2025	 19.08.14	4f95891c-dc03-4cfd-9569-b259769e931c	GET	/tables	undefined
05.03.2025	 19.12.02	ecf223c5-5d0c-4599-82cb-7ea43408ccff	GET	/tables	undefined
05.03.2025	 19.12.05	75142dfc-4672-443d-bff0-74aec79f9bf3	GET	/home	undefined
05.03.2025	 19.12.07	31316275-80ca-4eaf-bcb5-3cea5db08044	POST	/api/auth/login	http://localhost:5000
05.03.2025	 19.12.07	51bcbb9b-3d7f-4c2e-bae1-a28a13bd9338	GET	/home	undefined
05.03.2025	 19.12.09	feb17ddb-e62a-458b-b4a3-54468e1fc604	GET	/tables	undefined
